[Licensing::Module] Trying to connect to existing licensing client channel...
Built from '6000.3/respin/6000.3.6f1-732c1ec89f18' branch; Version is '6000.3.6f1 (bbb010bdb8a3) revision 12300304'; Using compiler version '194234433'; Build Type 'Release'
OS: 'Windows 11  (10.0.26100) Professional' Language: 'en' Physical Memory: 65372 MB
[Licensing::IpcConnector] Successfully connected to: "LicenseClient-Stijn" at "2026-02-10T13:15:15.7193661Z"
BatchMode: 1, IsHumanControllingUs: 0, StartBugReporterOnCrash: 0, Is64bit: 1
System  architecture: x64
Process architecture: x64
Date: 2026-02-10T13:15:15Z

COMMAND LINE ARGUMENTS:
C:\Program Files\Unity\Hub\Editor\6000.3.6f1\Editor\Unity.exe
-adb2
-batchMode
-noUpm
-name
AssetImportWorker0
-projectPath
D:/Git/kweek
-logFile
Logs/AssetImportWorker0.log
-srvPort
55921
-licensingIpc
LicenseClient-Stijn
-job-worker-count
9
-background-job-worker-count
8
-gc-helper-count
1
-name
AssetImport
Successfully changed project path to: D:/Git/kweek
D:/Git/kweek
[UnityMemory] Configuration Parameters - Can be set up in boot.config
    "memorysetup-temp-allocator-size-nav-mesh-worker=65536"
    "memorysetup-temp-allocator-size-audio-worker=65536"
    "memorysetup-temp-allocator-size-gfx=262144"
    "memorysetup-allocator-temp-initial-block-size-main=262144"
    "memorysetup-allocator-temp-initial-block-size-worker=262144"
    "memorysetup-temp-allocator-size-background-worker=32768"
    "memorysetup-temp-allocator-size-job-worker=262144"
    "memorysetup-temp-allocator-size-preload-manager=33554432"
    "memorysetup-temp-allocator-size-gi-baking-worker=262144"
    "memorysetup-temp-allocator-size-gi-baking-worker=262144"
    "memorysetup-temp-allocator-size-gi-baking-worker=262144"
    "memorysetup-temp-allocator-size-gi-baking-worker=262144"
    "memorysetup-temp-allocator-size-gi-baking-worker=262144"
    "memorysetup-bucket-allocator-granularity=16"
    "memorysetup-bucket-allocator-bucket-count=8"
    "memorysetup-bucket-allocator-block-size=33554432"
    "memorysetup-bucket-allocator-block-count=8"
    "memorysetup-main-allocator-block-size=16777216"
    "memorysetup-thread-allocator-block-size=16777216"
    "memorysetup-gfx-main-allocator-block-size=16777216"
    "memorysetup-gfx-thread-allocator-block-size=16777216"
    "memorysetup-cache-allocator-block-size=4194304"
    "memorysetup-typetree-allocator-block-size=2097152"
    "memorysetup-profiler-bucket-allocator-granularity=16"
    "memorysetup-profiler-bucket-allocator-bucket-count=8"
    "memorysetup-profiler-bucket-allocator-block-size=33554432"
    "memorysetup-profiler-bucket-allocator-block-count=8"
    "memorysetup-profiler-allocator-block-size=16777216"
    "memorysetup-profiler-editor-allocator-block-size=1048576"
    "memorysetup-temp-allocator-size-main=16777216"
    "memorysetup-job-temp-allocator-block-size=2097152"
    "memorysetup-job-temp-allocator-block-size-background=1048576"
    "memorysetup-job-temp-allocator-reduction-small-platforms=262144"
    "memorysetup-temp-allocator-size-cloud-worker=32768"
Player connection [13660]  Target information:

Player connection [13660]  * "[IP] 192.168.1.7 [Port] 0 [Flags] 2 [Guid] 1950151872 [EditorId] 1950151872 [Version] 1048832 [Id] WindowsEditor(7,DESKTOP-STIJN) [Debug] 1 [PackageName] WindowsEditor [ProjectName] Editor" 

Player connection [13660] Host joined multi-casting on [225.0.0.222:54997]...
Player connection [13660] Host joined alternative multi-casting on [225.0.0.222:34997]...
JobSystem: Creating JobQueue using job-worker-count value 9
Input System module state changed to: Initialized.
[Physics::Module] Initialized fallback backend.
[Physics::Module] Id: 0xdecafbad
Library Redirect Path: Library/
[Physics::Module] Selected backend.
[Physics::Module] Name: PhysX
[Physics::Module] Id: 0xf2b8ea05
[Physics::Module] SDK Version: 4.1.2
[Physics::Module] Integration Version: 1.0.0
[Physics::Module] Threading Mode: Multi-Threaded
Refreshing native plugins compatible for Editor in 0.45 ms, found 0 plugins.
Preloading 0 native plugins for Editor in 0.00 ms.
Initialize engine version: 6000.3.6f1 (bbb010bdb8a3)
[Subsystems] Discovering subsystems at path C:/Program Files/Unity/Hub/Editor/6000.3.6f1/Editor/Data/Resources/UnitySubsystems
[Subsystems] Discovering subsystems at path D:/Git/kweek/Assets
GfxDevice: creating device client; kGfxThreadingModeNonThreaded
Direct3D:
    Version:  Direct3D 11.0 [level 11.1]
    Renderer: NVIDIA GeForce GTX 1660 SUPER (ID=0x21c4)
    Vendor:   NVIDIA
    VRAM:     5966 MB
    Driver:   32.0.15.6070
Initialize mono
Mono path[0] = 'C:/Program Files/Unity/Hub/Editor/6000.3.6f1/Editor/Data/Managed'
Mono path[1] = 'C:/Program Files/Unity/Hub/Editor/6000.3.6f1/Editor/Data/MonoBleedingEdge/lib/mono/unityjit-win32'
Mono config path = 'C:/Program Files/Unity/Hub/Editor/6000.3.6f1/Editor/Data/MonoBleedingEdge/etc'
Using monoOptions --debugger-agent=transport=dt_socket,embedding=1,server=y,suspend=n,address=127.0.0.1:56168
Begin MonoManager ReloadAssembly
Registering precompiled unity dll's ...
Register platform support module: C:/Program Files/Unity/Hub/Editor/6000.3.6f1/Editor/Data/PlaybackEngines/WebGLSupport/UnityEditor.WebGL.Extensions.dll
Register platform support module: C:/Program Files/Unity/Hub/Editor/6000.3.6f1/Editor/Data/PlaybackEngines/WindowsStandaloneSupport/UnityEditor.WindowsStandalone.Extensions.dll
[Licensing::Module] Licensing is not yet initialized.
[Licensing::Client] Handshaking with LicensingClient:
  Version:                 1.17.4+4293ba1
  Session Id:              7a52c0a9e16648f9ba1d170f4ee69fd0
  Correlation Id:          b6c772e1cb8cafe607b54e67cdc932fa
  External correlation Id: 1223193306431670278
  Machine Id:              QhGBEh8RRdaccYt7DuPJbceqiCc=
[Licensing::Module] Successfully connected to LicensingClient on channel: "LicenseClient-Stijn" (connect: 0.00s, validation: 0.01s, handshake: 0.67s)
[Licensing::IpcConnector] Successfully connected to: "LicenseClient-Stijn-notifications" at "2026-02-10T13:15:16.3984285Z"
[Licensing::Module] Licensing Background thread has ended after 0.68s
[Licensing::Module] Licensing is initialized (took 0.10s).
[Licensing::Client] Successfully resolved entitlement details
[Licensing::Module] License group:
  Id: F4-AUWP-G4KN-QJ7R-NX3V-XXXX
  Product: Unity Personal
  Type: ULF
  Expiration: Unlimited
[Licensing::Module] License group:
  Id: 2476475-UnityPersXXXX
  Product: Unity Personal
  Type: Assigned
  Expiration: Unlimited
Register platform support module: C:/Program Files/Unity/Hub/Editor/6000.3.6f1/Editor/Data/PlaybackEngines/AndroidPlayer/UnityEditor.Android.Extensions.dll
Registered in 0.099848 seconds.
- Loaded All Assemblies, in  0.396 seconds
Native extension for Android target not found
Android Extension - Scanning For ADB Devices 147 ms
Native extension for WindowsStandalone target not found
Native extension for WebGL target not found
ScheduleIndexationOnStartup MainProcess:False IndexOnStartup:True
Mono: successfully reloaded assembly
- Finished resetting the current domain, in  0.480 seconds
Domain Reload Profiling: 875ms
	BeginReloadAssembly (109ms)
		ExecutionOrderSort (0ms)
		DisableScriptedObjects (0ms)
		BackupInstance (0ms)
		ReleaseScriptingObjects (0ms)
		CreateAndSetChildDomain (1ms)
	RebuildCommonClasses (25ms)
	RebuildNativeTypeToScriptingClass (10ms)
	initialDomainReloadingComplete (131ms)
	LoadAllAssembliesAndSetupDomain (120ms)
		LoadAssemblies (107ms)
		RebuildTransferFunctionScriptingTraits (0ms)
		AnalyzeDomain (117ms)
			TypeCache.Refresh (116ms)
				TypeCache.ScanAssembly (106ms)
			BuildScriptInfoCaches (0ms)
			ResolveRequiredComponents (0ms)
	FinalizeReload (480ms)
		ReleaseScriptCaches (0ms)
		RebuildScriptCaches (0ms)
		SetupLoadedEditorAssemblies (450ms)
			LogAssemblyErrors (0ms)
			InitializePlatformSupportModulesInManaged (219ms)
			SetLoadedEditorAssemblies (4ms)
			BeforeProcessingInitializeOnLoad (69ms)
			ProcessInitializeOnLoadAttributes (104ms)
			ProcessInitializeOnLoadMethodAttributes (54ms)
			AfterProcessingInitializeOnLoad (0ms)
			EditorAssembliesLoaded (0ms)
		ExecutionOrderSort2 (0ms)
		AwakeInstancesAfterBackupRestoration (0ms)
========================================================================
Worker process is ready to serve import requests
Import Worker Mode flag is 0x00
Begin MonoManager ReloadAssembly
[Licensing::Client] Successfully resolved entitlement details
[Licensing::Module] License group:
  Id: F4-AUWP-G4KN-QJ7R-NX3V-XXXX
  Product: Unity Personal
  Type: ULF
  Expiration: Unlimited
[Licensing::Module] License group:
  Id: 2476475-UnityPersXXXX
  Product: Unity Personal
  Type: Assigned
  Expiration: Unlimited
Symbol file LoadedFromMemory is not a mono symbol file
- Loaded All Assemblies, in  0.507 seconds
Refreshing native plugins compatible for Editor in 0.21 ms, found 0 plugins.
Native extension for Android target not found
Native extension for WindowsStandalone target not found
Native extension for WebGL target not found
Package Manager log level set to [2]
[Package Manager] Failed to launch server process. Reason: Unity was launched with the -noUpm command-line argument
[Package Manager] Unable to send message (not connected to server process).
[Package Manager] Cannot connect to Unity Package Manager local server
[MODES] ModeService[none].Initialize
[MODES] ModeService[none].LoadModes
[MODES] Loading mode Default (0) for mode-current-id-RoZoSho
ScheduleIndexationOnStartup MainProcess:False IndexOnStartup:True
Mono: successfully reloaded assembly
- Finished resetting the current domain, in  0.646 seconds
Domain Reload Profiling: 1151ms
	BeginReloadAssembly (122ms)
		ExecutionOrderSort (0ms)
		DisableScriptedObjects (4ms)
		BackupInstance (0ms)
		ReleaseScriptingObjects (0ms)
		CreateAndSetChildDomain (23ms)
	RebuildCommonClasses (24ms)
	RebuildNativeTypeToScriptingClass (9ms)
	initialDomainReloadingComplete (24ms)
	LoadAllAssembliesAndSetupDomain (326ms)
		LoadAssemblies (259ms)
		RebuildTransferFunctionScriptingTraits (0ms)
		AnalyzeDomain (133ms)
			TypeCache.Refresh (101ms)
				TypeCache.ScanAssembly (88ms)
			BuildScriptInfoCaches (26ms)
			ResolveRequiredComponents (3ms)
	FinalizeReload (646ms)
		ReleaseScriptCaches (0ms)
		RebuildScriptCaches (0ms)
		SetupLoadedEditorAssemblies (560ms)
			LogAssemblyErrors (0ms)
			InitializePlatformSupportModulesInManaged (7ms)
			SetLoadedEditorAssemblies (4ms)
			BeforeProcessingInitializeOnLoad (113ms)
			ProcessInitializeOnLoadAttributes (201ms)
			ProcessInitializeOnLoadMethodAttributes (233ms)
			AfterProcessingInitializeOnLoad (2ms)
			EditorAssembliesLoaded (0ms)
		ExecutionOrderSort2 (0ms)
		AwakeInstancesAfterBackupRestoration (4ms)
Launched and connected shader compiler UnityShaderCompiler.exe after 0.01 seconds
Refreshing native plugins compatible for Editor in 0.26 ms, found 0 plugins.
Preloading 0 native plugins for Editor in 0.00 ms.
Unloading 30 Unused Serialized files (Serialized files now loaded: 0)
Unloading 4137 unused Assets / (5.0 MB). Loaded Objects now: 4812.
Memory consumption went from 116.1 MB to 111.1 MB.
Total: 15.057500 ms (FindLiveObjects: 0.508600 ms CreateObjectMapping: 0.357800 ms MarkObjects: 12.756900 ms  DeleteObjects: 1.432400 ms)

========================================================================
Received Import Request.
  Time since last request: 790288.415036 seconds.
  path: Assets/Plugins/Kubacho/vFolders/VFoldersPaletteEditor.cs
  artifactKey: Guid(085d323b143d5403fb4beda728e65139) Importer(2089858483,b0f066a214c2f5e87bad3c948f4d605d)
Start importing Assets/Plugins/Kubacho/vFolders/VFoldersPaletteEditor.cs using Guid(085d323b143d5403fb4beda728e65139) Importer(2089858483,b0f066a214c2f5e87bad3c948f4d605d) (ScriptedImporter) -> (artifact id: '5f802a625811e01cfcc262be23c0cec5') in 0.0555582 seconds
Number of updated asset objects reloaded before import = 0Number of asset objects unloaded after import = 0

========================================================================
Received Import Request.
  Time since last request: 0.000014 seconds.
  path: Assets/Shared/Scenes/DemoScene.unity
  artifactKey: Guid(4b715df4c28f7364c8b1d36151220364) Importer(2089858483,b0f066a214c2f5e87bad3c948f4d605d)
Start importing Assets/Shared/Scenes/DemoScene.unity using Guid(4b715df4c28f7364c8b1d36151220364) Importer(2089858483,b0f066a214c2f5e87bad3c948f4d605d) (ScriptedImporter) -> (artifact id: '06f1a2d80f57dca13dfdd589abbb84c4') in 0.0165609 seconds
Number of updated asset objects reloaded before import = 0Number of asset objects unloaded after import = 1

========================================================================
Received Import Request.
  Time since last request: 0.000022 seconds.
  path: Assets/Plugins/Kubacho/vFolders/VFoldersMenu.cs
  artifactKey: Guid(f118e09f35fa241fda19f1f3b1e7c5a2) Importer(2089858483,b0f066a214c2f5e87bad3c948f4d605d)
Start importing Assets/Plugins/Kubacho/vFolders/VFoldersMenu.cs using Guid(f118e09f35fa241fda19f1f3b1e7c5a2) Importer(2089858483,b0f066a214c2f5e87bad3c948f4d605d) (ScriptedImporter) -> (artifact id: 'c6155a73e6d6e6fca371f98f1cc4ad73') in 0.0107203 seconds
Number of updated asset objects reloaded before import = 0Number of asset objects unloaded after import = 0

========================================================================
Received Import Request.
  Time since last request: 0.000036 seconds.
  path: Assets/Plugins/Kubacho/vTabs/VTabs.cs
  artifactKey: Guid(fc570418b0cd44cd49a39403a3ba1cf7) Importer(2089858483,b0f066a214c2f5e87bad3c948f4d605d)
Start importing Assets/Plugins/Kubacho/vTabs/VTabs.cs using Guid(fc570418b0cd44cd49a39403a3ba1cf7) Importer(2089858483,b0f066a214c2f5e87bad3c948f4d605d) (ScriptedImporter) -> (artifact id: 'e4690f89db85154729938c300a7c5cf3') in 0.0105484 seconds
Number of updated asset objects reloaded before import = 0Number of asset objects unloaded after import = 0

========================================================================
Received Import Request.
  Time since last request: 0.000025 seconds.
  path: Assets/Shared/Materials/MatTransparantChecker.mat
  artifactKey: Guid(48a02f5543c87714d81e95322e9d8231) Importer(2089858483,b0f066a214c2f5e87bad3c948f4d605d)
Start importing Assets/Shared/Materials/MatTransparantChecker.mat using Guid(48a02f5543c87714d81e95322e9d8231) Importer(2089858483,b0f066a214c2f5e87bad3c948f4d605d) (ScriptedImporter) -> (artifact id: 'c6a4cc9c78159a3e57183a575fd89d38') in 0.0228995 seconds
Number of updated asset objects reloaded before import = 0Number of asset objects unloaded after import = 1

========================================================================
Received Import Request.
  Time since last request: 0.000016 seconds.
  path: Assets/Plugins/Kubacho/vHierarchy
  artifactKey: Guid(dd2b9e231b0ec4a9f97e258072ae2b33) Importer(2089858483,b0f066a214c2f5e87bad3c948f4d605d)
Start importing Assets/Plugins/Kubacho/vHierarchy using Guid(dd2b9e231b0ec4a9f97e258072ae2b33) Importer(2089858483,b0f066a214c2f5e87bad3c948f4d605d) (ScriptedImporter) -> (artifact id: '41e55dffed31a976e9e6933a2b9c874f') in 0.0104448 seconds
Number of updated asset objects reloaded before import = 0Number of asset objects unloaded after import = 1

========================================================================
Received Import Request.
  Time since last request: 0.000022 seconds.
  path: Assets/Shared/Materials/MatPurpleLaser.mat
  artifactKey: Guid(5c989712f6ba2b345987bdd79b94b90e) Importer(2089858483,b0f066a214c2f5e87bad3c948f4d605d)
Start importing Assets/Shared/Materials/MatPurpleLaser.mat using Guid(5c989712f6ba2b345987bdd79b94b90e) Importer(2089858483,b0f066a214c2f5e87bad3c948f4d605d) (ScriptedImporter) -> (artifact id: '7e7bc64de0db234c86b5c0a7a413fc55') in 0.0104255 seconds
Number of updated asset objects reloaded before import = 0Number of asset objects unloaded after import = 1

========================================================================
Received Import Request.
  Time since last request: 0.000016 seconds.
  path: Assets/Plugins/Kubacho/vTabs
  artifactKey: Guid(baa6e88cc47804cafb29dc337c1e639b) Importer(2089858483,b0f066a214c2f5e87bad3c948f4d605d)
Start importing Assets/Plugins/Kubacho/vTabs using Guid(baa6e88cc47804cafb29dc337c1e639b) Importer(2089858483,b0f066a214c2f5e87bad3c948f4d605d) (ScriptedImporter) -> (artifact id: '8f3398032c167037c7948955784c6fd6') in 0.0103871 seconds
Number of updated asset objects reloaded before import = 0Number of asset objects unloaded after import = 1

========================================================================
Received Import Request.
  Time since last request: 0.000016 seconds.
  path: Assets/Shared/Materials/MatLightGrayChecker.mat
  artifactKey: Guid(bc402b79f75687c4f8051d103ef15ad4) Importer(2089858483,b0f066a214c2f5e87bad3c948f4d605d)
Start importing Assets/Shared/Materials/MatLightGrayChecker.mat using Guid(bc402b79f75687c4f8051d103ef15ad4) Importer(2089858483,b0f066a214c2f5e87bad3c948f4d605d) (ScriptedImporter) -> (artifact id: '4983f04ff5fd99225880c738ee45e84b') in 0.0110196 seconds
Number of updated asset objects reloaded before import = 0Number of asset objects unloaded after import = 1

========================================================================
Received Import Request.
  Time since last request: 0.000013 seconds.
  path: Assets/Plugins/Kubacho/vTabs/VTabsCache.cs
  artifactKey: Guid(e727e3495b7464d28aa9d2d5cf3a06bf) Importer(2089858483,b0f066a214c2f5e87bad3c948f4d605d)
Start importing Assets/Plugins/Kubacho/vTabs/VTabsCache.cs using Guid(e727e3495b7464d28aa9d2d5cf3a06bf) Importer(2089858483,b0f066a214c2f5e87bad3c948f4d605d) (ScriptedImporter) -> (artifact id: 'bbaf50451d05eb63f910ba93fb9a33cb') in 0.0124033 seconds
Number of updated asset objects reloaded before import = 0Number of asset objects unloaded after import = 0

========================================================================
Received Import Request.
  Time since last request: 0.000016 seconds.
  path: Assets/Plugins/Kubacho/vHierarchy/VHierarchyCache.cs
  artifactKey: Guid(3fd3b966dd497472d86df0d7c9271088) Importer(2089858483,b0f066a214c2f5e87bad3c948f4d605d)
Start importing Assets/Plugins/Kubacho/vHierarchy/VHierarchyCache.cs using Guid(3fd3b966dd497472d86df0d7c9271088) Importer(2089858483,b0f066a214c2f5e87bad3c948f4d605d) (ScriptedImporter) -> (artifact id: 'a157396505cb3f6274b88ccb642e8518') in 0.0117484 seconds
Number of updated asset objects reloaded before import = 0Number of asset objects unloaded after import = 0

========================================================================
Received Import Request.
  Time since last request: 0.000101 seconds.
  path: Assets/Plugins/Kubacho/vInspector/VInspectorComponentWindow.cs
  artifactKey: Guid(295e0a9b2039246c59fbe00423b2723e) Importer(2089858483,b0f066a214c2f5e87bad3c948f4d605d)
Start importing Assets/Plugins/Kubacho/vInspector/VInspectorComponentWindow.cs using Guid(295e0a9b2039246c59fbe00423b2723e) Importer(2089858483,b0f066a214c2f5e87bad3c948f4d605d) (ScriptedImporter) -> (artifact id: '2aa8ea31e93519ff36f3ed46c104d277') in 0.0120089 seconds
Number of updated asset objects reloaded before import = 0Number of asset objects unloaded after import = 0

========================================================================
Received Import Request.
  Time since last request: 0.000048 seconds.
  path: Assets/Plugins/Kubacho/vHierarchy/VHierarchy.asmdef
  artifactKey: Guid(2c3f48364a5004fd3a152fbdf5fea703) Importer(2089858483,b0f066a214c2f5e87bad3c948f4d605d)
Start importing Assets/Plugins/Kubacho/vHierarchy/VHierarchy.asmdef using Guid(2c3f48364a5004fd3a152fbdf5fea703) Importer(2089858483,b0f066a214c2f5e87bad3c948f4d605d) (ScriptedImporter) -> (artifact id: '3e777cdaa6bc914d5985145f370ba38a') in 0.01198 seconds
Number of updated asset objects reloaded before import = 0Number of asset objects unloaded after import = 1

========================================================================
Received Import Request.
  Time since last request: 0.000025 seconds.
  path: Assets/Plugins/Kubacho/vFolders/VFoldersHistory.cs
  artifactKey: Guid(2d3e0e15bb2714894bdfb696f7509428) Importer(2089858483,b0f066a214c2f5e87bad3c948f4d605d)
Start importing Assets/Plugins/Kubacho/vFolders/VFoldersHistory.cs using Guid(2d3e0e15bb2714894bdfb696f7509428) Importer(2089858483,b0f066a214c2f5e87bad3c948f4d605d) (ScriptedImporter) -> (artifact id: 'bfd76719fe7dfbfd433f226347678c6a') in 0.0114087 seconds
Number of updated asset objects reloaded before import = 0Number of asset objects unloaded after import = 0

========================================================================
Received Import Request.
  Time since last request: 0.000029 seconds.
  path: Assets/ProCore/ProBuilderData/ProBuilderPreferences.asset
  artifactKey: Guid(4aede4497c43e8b4d8168c0c83604af3) Importer(2089858483,b0f066a214c2f5e87bad3c948f4d605d)
Start importing Assets/ProCore/ProBuilderData/ProBuilderPreferences.asset using Guid(4aede4497c43e8b4d8168c0c83604af3) Importer(2089858483,b0f066a214c2f5e87bad3c948f4d605d) (ScriptedImporter) -> (artifact id: 'a2ef8e028e6f7a5332199b09be362f75') in 0.0110603 seconds
Number of updated asset objects reloaded before import = 0Number of asset objects unloaded after import = 1

========================================================================
Received Import Request.
  Time since last request: 0.000017 seconds.
  path: Assets/Plugins/Kubacho/vHierarchy/VHierarchyGUI.cs
  artifactKey: Guid(879081410e5ee4ddcb0145a4a9937193) Importer(2089858483,b0f066a214c2f5e87bad3c948f4d605d)
Start importing Assets/Plugins/Kubacho/vHierarchy/VHierarchyGUI.cs using Guid(879081410e5ee4ddcb0145a4a9937193) Importer(2089858483,b0f066a214c2f5e87bad3c948f4d605d) (ScriptedImporter) -> (artifact id: '72caaa2024ad278a325ca5aa1ea4e415') in 0.0118718 seconds
Number of updated asset objects reloaded before import = 0Number of asset objects unloaded after import = 0

========================================================================
Received Import Request.
  Time since last request: 0.000042 seconds.
  path: Assets/Plugins/Kubacho/vInspector/VInspectorMenu.cs
  artifactKey: Guid(07852b6b534474f7fb57529201e123e0) Importer(2089858483,b0f066a214c2f5e87bad3c948f4d605d)
Start importing Assets/Plugins/Kubacho/vInspector/VInspectorMenu.cs using Guid(07852b6b534474f7fb57529201e123e0) Importer(2089858483,b0f066a214c2f5e87bad3c948f4d605d) (ScriptedImporter) -> (artifact id: '6ea4d33dd7763456a17653c217204ed4') in 0.0115482 seconds
Number of updated asset objects reloaded before import = 0Number of asset objects unloaded after import = 0

========================================================================
Received Import Request.
  Time since last request: 0.000051 seconds.
  path: Assets/Plugins/Kubacho/vInspector
  artifactKey: Guid(f42d0374f4587401395165a2788ee07c) Importer(2089858483,b0f066a214c2f5e87bad3c948f4d605d)
Start importing Assets/Plugins/Kubacho/vInspector using Guid(f42d0374f4587401395165a2788ee07c) Importer(2089858483,b0f066a214c2f5e87bad3c948f4d605d) (ScriptedImporter) -> (artifact id: '086f65227b4f51867aa0b1f6eb52ca11') in 0.0108966 seconds
Number of updated asset objects reloaded before import = 0Number of asset objects unloaded after import = 1

========================================================================
Received Import Request.
  Time since last request: 0.000029 seconds.
  path: Assets/Plugins/Kubacho/vFavorites/VFavoritesData.cs
  artifactKey: Guid(066cf82f8f80d408c856e48fc8f1127b) Importer(2089858483,b0f066a214c2f5e87bad3c948f4d605d)
Start importing Assets/Plugins/Kubacho/vFavorites/VFavoritesData.cs using Guid(066cf82f8f80d408c856e48fc8f1127b) Importer(2089858483,b0f066a214c2f5e87bad3c948f4d605d) (ScriptedImporter) -> (artifact id: 'b60d5351975e1e91bba96df60222d6f7') in 0.0113654 seconds
Number of updated asset objects reloaded before import = 0Number of asset objects unloaded after import = 0

========================================================================
Received Import Request.
  Time since last request: 0.000034 seconds.
  path: Assets/Shared/Materials/MatOrangeChecker.mat
  artifactKey: Guid(c4e5e3ca195c40f4c8c44c25ec5753e7) Importer(2089858483,b0f066a214c2f5e87bad3c948f4d605d)
Start importing Assets/Shared/Materials/MatOrangeChecker.mat using Guid(c4e5e3ca195c40f4c8c44c25ec5753e7) Importer(2089858483,b0f066a214c2f5e87bad3c948f4d605d) (ScriptedImporter) -> (artifact id: '1d37da3858cae39888ab056b7042edc9') in 0.011228 seconds
Number of updated asset objects reloaded before import = 0Number of asset objects unloaded after import = 1

========================================================================
Received Import Request.
  Time since last request: 0.000020 seconds.
  path: Assets/Plugins/Sirenix/Odin Inspector/Modules/Unity.Mathematics/manifest.txt
  artifactKey: Guid(cc29b60f0ba976c48b3e9409d71d2cd4) Importer(2089858483,b0f066a214c2f5e87bad3c948f4d605d)
Start importing Assets/Plugins/Sirenix/Odin Inspector/Modules/Unity.Mathematics/manifest.txt using Guid(cc29b60f0ba976c48b3e9409d71d2cd4) Importer(2089858483,b0f066a214c2f5e87bad3c948f4d605d) (ScriptedImporter) -> (artifact id: '83fcad2c3836f7a6b2858cac72ec8994') in 0.0112075 seconds
Number of updated asset objects reloaded before import = 0Number of asset objects unloaded after import = 1

========================================================================
Received Import Request.
  Time since last request: 0.000029 seconds.
  path: Assets/Plugins/Kubacho/vTabs/VTabsMenuItems.cs
  artifactKey: Guid(102836a637c684c11b7581d444fecb04) Importer(2089858483,b0f066a214c2f5e87bad3c948f4d605d)
Start importing Assets/Plugins/Kubacho/vTabs/VTabsMenuItems.cs using Guid(102836a637c684c11b7581d444fecb04) Importer(2089858483,b0f066a214c2f5e87bad3c948f4d605d) (ScriptedImporter) -> (artifact id: '321534c77bfd0a666442a142fd7ca990') in 0.0125287 seconds
Number of updated asset objects reloaded before import = 0Number of asset objects unloaded after import = 0

========================================================================
Received Import Request.
  Time since last request: 0.000034 seconds.
  path: Assets/Plugins/Kubacho/vTabs/VTabsLibs.cs
  artifactKey: Guid(91d4456e469254096af9035b29263ca5) Importer(2089858483,b0f066a214c2f5e87bad3c948f4d605d)
Start importing Assets/Plugins/Kubacho/vTabs/VTabsLibs.cs using Guid(91d4456e469254096af9035b29263ca5) Importer(2089858483,b0f066a214c2f5e87bad3c948f4d605d) (ScriptedImporter) -> (artifact id: '4d3a92d0c33f19a82fe5117c928bd3d2') in 0.0121917 seconds
Number of updated asset objects reloaded before import = 0Number of asset objects unloaded after import = 0

========================================================================
Received Import Request.
  Time since last request: 0.000021 seconds.
  path: Assets/Plugins/Kubacho
  artifactKey: Guid(e6a904b6864d4f94f8abd1307033c240) Importer(2089858483,b0f066a214c2f5e87bad3c948f4d605d)
Start importing Assets/Plugins/Kubacho using Guid(e6a904b6864d4f94f8abd1307033c240) Importer(2089858483,b0f066a214c2f5e87bad3c948f4d605d) (ScriptedImporter) -> (artifact id: 'd28a6dcad8df179912e0f7c5b07db701') in 0.0102858 seconds
Number of updated asset objects reloaded before import = 0Number of asset objects unloaded after import = 1

========================================================================
Received Import Request.
  Time since last request: 0.000019 seconds.
  path: Assets/Plugins/Kubacho/vInspector/VInspector.cs
  artifactKey: Guid(cb0378825d0df482cb66e646e57e5153) Importer(2089858483,b0f066a214c2f5e87bad3c948f4d605d)
Start importing Assets/Plugins/Kubacho/vInspector/VInspector.cs using Guid(cb0378825d0df482cb66e646e57e5153) Importer(2089858483,b0f066a214c2f5e87bad3c948f4d605d) (ScriptedImporter) -> (artifact id: '0b0f2435b2a98e97e334ee3553052acf') in 0.0129411 seconds
Number of updated asset objects reloaded before import = 0Number of asset objects unloaded after import = 0

========================================================================
Received Import Request.
  Time since last request: 0.000046 seconds.
  path: Assets/Plugins/Kubacho/vInspector/VInspectorClipboard.cs
  artifactKey: Guid(2e946bdceafc44945ad0c659f550d6d5) Importer(2089858483,b0f066a214c2f5e87bad3c948f4d605d)
Start importing Assets/Plugins/Kubacho/vInspector/VInspectorClipboard.cs using Guid(2e946bdceafc44945ad0c659f550d6d5) Importer(2089858483,b0f066a214c2f5e87bad3c948f4d605d) (ScriptedImporter) -> (artifact id: 'e11233fc94cb8f9245ac96a52d2ab8b1') in 0.0121776 seconds
Number of updated asset objects reloaded before import = 0Number of asset objects unloaded after import = 0

========================================================================
Received Import Request.
  Time since last request: 0.000037 seconds.
  path: Assets/Plugins/Kubacho/vInspector/VInspectorEditor.cs
  artifactKey: Guid(4a8eec962d2dd440196b02dca0f62e3e) Importer(2089858483,b0f066a214c2f5e87bad3c948f4d605d)
Start importing Assets/Plugins/Kubacho/vInspector/VInspectorEditor.cs using Guid(4a8eec962d2dd440196b02dca0f62e3e) Importer(2089858483,b0f066a214c2f5e87bad3c948f4d605d) (ScriptedImporter) -> (artifact id: 'd911d740b2ddb02a2bf3cb21d41cfb42') in 0.0136934 seconds
Number of updated asset objects reloaded before import = 0Number of asset objects unloaded after import = 0

========================================================================
Received Import Request.
  Time since last request: 0.000030 seconds.
  path: Assets/Plugins/Kubacho/vInspector/VInspectorNavbar.cs
  artifactKey: Guid(f27f798b17a724efc8b05c54e23eff97) Importer(2089858483,b0f066a214c2f5e87bad3c948f4d605d)
Start importing Assets/Plugins/Kubacho/vInspector/VInspectorNavbar.cs using Guid(f27f798b17a724efc8b05c54e23eff97) Importer(2089858483,b0f066a214c2f5e87bad3c948f4d605d) (ScriptedImporter) -> (artifact id: '93bac086f5b4cedd9b79b1141144f8fc') in 0.0218885 seconds
Number of updated asset objects reloaded before import = 0Number of asset objects unloaded after import = 0

========================================================================
Received Import Request.
  Time since last request: 0.000032 seconds.
  path: Assets/Plugins/Kubacho/vHierarchy/VHierarchyPaletteEditor.cs
  artifactKey: Guid(2b7dce55e9e9b476fb5d1d669c006123) Importer(2089858483,b0f066a214c2f5e87bad3c948f4d605d)
Start importing Assets/Plugins/Kubacho/vHierarchy/VHierarchyPaletteEditor.cs using Guid(2b7dce55e9e9b476fb5d1d669c006123) Importer(2089858483,b0f066a214c2f5e87bad3c948f4d605d) (ScriptedImporter) -> (artifact id: '3a41dee5051d562db710cdac3b78cc2e') in 0.023498 seconds
Number of updated asset objects reloaded before import = 0Number of asset objects unloaded after import = 0

========================================================================
Received Import Request.
  Time since last request: 0.000041 seconds.
  path: Assets/Plugins/Kubacho/vHierarchy/VHierarchyComponentEditor.cs
  artifactKey: Guid(d51d8117d96b64eaa9a83667bf4297d6) Importer(2089858483,b0f066a214c2f5e87bad3c948f4d605d)
Start importing Assets/Plugins/Kubacho/vHierarchy/VHierarchyComponentEditor.cs using Guid(d51d8117d96b64eaa9a83667bf4297d6) Importer(2089858483,b0f066a214c2f5e87bad3c948f4d605d) (ScriptedImporter) -> (artifact id: '3fb471bc5a00c4e73bbcce4e9a2c9b6b') in 0.0122651 seconds
Number of updated asset objects reloaded before import = 0Number of asset objects unloaded after import = 0

========================================================================
Received Import Request.
  Time since last request: 0.000037 seconds.
  path: Assets/Plugins/Kubacho/vFolders/VFoldersIconEditor.cs
  artifactKey: Guid(fc2d205dd3ec1446d843e566b05c2eda) Importer(2089858483,b0f066a214c2f5e87bad3c948f4d605d)
Start importing Assets/Plugins/Kubacho/vFolders/VFoldersIconEditor.cs using Guid(fc2d205dd3ec1446d843e566b05c2eda) Importer(2089858483,b0f066a214c2f5e87bad3c948f4d605d) (ScriptedImporter) -> (artifact id: 'f9cf3bef5b2080a9bbdda3fedb3fbf9b') in 0.0120973 seconds
Number of updated asset objects reloaded before import = 0Number of asset objects unloaded after import = 0

========================================================================
Received Import Request.
  Time since last request: 0.000018 seconds.
  path: Assets/Plugins/Kubacho/vFavorites/VFavoritesState.cs
  artifactKey: Guid(362e220c378db4e97ae41fa35a6fb58f) Importer(2089858483,b0f066a214c2f5e87bad3c948f4d605d)
Start importing Assets/Plugins/Kubacho/vFavorites/VFavoritesState.cs using Guid(362e220c378db4e97ae41fa35a6fb58f) Importer(2089858483,b0f066a214c2f5e87bad3c948f4d605d) (ScriptedImporter) -> (artifact id: 'f25bc93836735d99ee7026fae1febe37') in 0.0115997 seconds
Number of updated asset objects reloaded before import = 0Number of asset objects unloaded after import = 0

========================================================================
Received Import Request.
  Time since last request: 0.000045 seconds.
  path: Assets/Plugins/Kubacho/vHierarchy/VHierarchyIconEditor.cs
  artifactKey: Guid(8710ada63f66c4909ab73d206f31e954) Importer(2089858483,b0f066a214c2f5e87bad3c948f4d605d)
Start importing Assets/Plugins/Kubacho/vHierarchy/VHierarchyIconEditor.cs using Guid(8710ada63f66c4909ab73d206f31e954) Importer(2089858483,b0f066a214c2f5e87bad3c948f4d605d) (ScriptedImporter) -> (artifact id: 'da5907ddfb53bb17d48c42031c9b5938') in 0.0105208 seconds
Number of updated asset objects reloaded before import = 0Number of asset objects unloaded after import = 0

========================================================================
Received Import Request.
  Time since last request: 0.000036 seconds.
  path: Assets/Plugins/Kubacho/vInspector/Read me.pdf
  artifactKey: Guid(5bc65026e2b5e458b838d06e4ef39409) Importer(2089858483,b0f066a214c2f5e87bad3c948f4d605d)
Start importing Assets/Plugins/Kubacho/vInspector/Read me.pdf using Guid(5bc65026e2b5e458b838d06e4ef39409) Importer(2089858483,b0f066a214c2f5e87bad3c948f4d605d) (ScriptedImporter) -> (artifact id: '632d5a1dbb960aab6c6703705133c893') in 0.010549 seconds
Number of updated asset objects reloaded before import = 0Number of asset objects unloaded after import = 1

========================================================================
Received Import Request.
  Time since last request: 0.000025 seconds.
  path: Assets/Plugins/Kubacho/vTabs/VTabsAddTabWindow.cs
  artifactKey: Guid(928f84418aa3c41649729951fe66405c) Importer(2089858483,b0f066a214c2f5e87bad3c948f4d605d)
Start importing Assets/Plugins/Kubacho/vTabs/VTabsAddTabWindow.cs using Guid(928f84418aa3c41649729951fe66405c) Importer(2089858483,b0f066a214c2f5e87bad3c948f4d605d) (ScriptedImporter) -> (artifact id: 'd5d11aacd8aa3ae683ffb56f0462fe74') in 0.0120226 seconds
Number of updated asset objects reloaded before import = 0Number of asset objects unloaded after import = 0

========================================================================
Received Import Request.
  Time since last request: 0.000048 seconds.
  path: Assets/Plugins/Kubacho/vHierarchy/VHierarchyLibs.cs
  artifactKey: Guid(cd278e4ae9a8649f59f016c7d739ce1a) Importer(2089858483,b0f066a214c2f5e87bad3c948f4d605d)
Start importing Assets/Plugins/Kubacho/vHierarchy/VHierarchyLibs.cs using Guid(cd278e4ae9a8649f59f016c7d739ce1a) Importer(2089858483,b0f066a214c2f5e87bad3c948f4d605d) (ScriptedImporter) -> (artifact id: '40c53d1da1ee088c4e582e434682a3ff') in 0.0113887 seconds
Number of updated asset objects reloaded before import = 0Number of asset objects unloaded after import = 0

========================================================================
Received Import Request.
  Time since last request: 0.000043 seconds.
  path: Assets/Plugins/Kubacho/vInspector/VInspectorComponentHeader.cs
  artifactKey: Guid(69daed4ccfde7447ba633e320119de35) Importer(2089858483,b0f066a214c2f5e87bad3c948f4d605d)
Start importing Assets/Plugins/Kubacho/vInspector/VInspectorComponentHeader.cs using Guid(69daed4ccfde7447ba633e320119de35) Importer(2089858483,b0f066a214c2f5e87bad3c948f4d605d) (ScriptedImporter) -> (artifact id: 'c39b90710133b65ea30bdfab7fcbaba6') in 0.0111952 seconds
Number of updated asset objects reloaded before import = 0Number of asset objects unloaded after import = 0

========================================================================
Received Import Request.
  Time since last request: 0.000019 seconds.
  path: Assets/Shared/Materials/MatDarkBrownChecker.mat
  artifactKey: Guid(a105be5bf8dee0d46abcd1fd31787940) Importer(2089858483,b0f066a214c2f5e87bad3c948f4d605d)
Start importing Assets/Shared/Materials/MatDarkBrownChecker.mat using Guid(a105be5bf8dee0d46abcd1fd31787940) Importer(2089858483,b0f066a214c2f5e87bad3c948f4d605d) (ScriptedImporter) -> (artifact id: '23aa0165968f6d3d37bf2027fb66f112') in 0.0104495 seconds
Number of updated asset objects reloaded before import = 0Number of asset objects unloaded after import = 1

========================================================================
Received Import Request.
  Time since last request: 0.000010 seconds.
  path: Assets/Plugins/Kubacho/vHierarchy/VHierarchyNavbar.cs
  artifactKey: Guid(b0951d821533c4f9486bb1430540ef3b) Importer(2089858483,b0f066a214c2f5e87bad3c948f4d605d)
Start importing Assets/Plugins/Kubacho/vHierarchy/VHierarchyNavbar.cs using Guid(b0951d821533c4f9486bb1430540ef3b) Importer(2089858483,b0f066a214c2f5e87bad3c948f4d605d) (ScriptedImporter) -> (artifact id: '54ddf2e807d73f936ab1b61ab58ffb77') in 0.0115694 seconds
Number of updated asset objects reloaded before import = 0Number of asset objects unloaded after import = 0

========================================================================
Received Import Request.
  Time since last request: 0.000028 seconds.
  path: Assets/Plugins/Kubacho/vTabs/VTabsPlaceholderWindow.cs
  artifactKey: Guid(176a13b0483f24d39af2f0b00467885b) Importer(2089858483,b0f066a214c2f5e87bad3c948f4d605d)
Start importing Assets/Plugins/Kubacho/vTabs/VTabsPlaceholderWindow.cs using Guid(176a13b0483f24d39af2f0b00467885b) Importer(2089858483,b0f066a214c2f5e87bad3c948f4d605d) (ScriptedImporter) -> (artifact id: '6198f52e0875dfd5cbd0326be47d4b45') in 0.0115881 seconds
Number of updated asset objects reloaded before import = 0Number of asset objects unloaded after import = 0

========================================================================
Received Import Request.
  Time since last request: 0.000033 seconds.
  path: Assets/Plugins/Kubacho/vHierarchy/VHierarchyData.cs
  artifactKey: Guid(3a9752b0c8e144801967e6897679604b) Importer(2089858483,b0f066a214c2f5e87bad3c948f4d605d)
Start importing Assets/Plugins/Kubacho/vHierarchy/VHierarchyData.cs using Guid(3a9752b0c8e144801967e6897679604b) Importer(2089858483,b0f066a214c2f5e87bad3c948f4d605d) (ScriptedImporter) -> (artifact id: 'f36874dc1d9f6bb0e67f3a5ee632692c') in 0.0108573 seconds
Number of updated asset objects reloaded before import = 0Number of asset objects unloaded after import = 0

========================================================================
Received Import Request.
  Time since last request: 0.000014 seconds.
  path: Assets/Plugins/Kubacho/vFavorites/VFavoritesMenu.cs
  artifactKey: Guid(65f8f6586ea4740238f667f8337cf6fb) Importer(2089858483,b0f066a214c2f5e87bad3c948f4d605d)
Start importing Assets/Plugins/Kubacho/vFavorites/VFavoritesMenu.cs using Guid(65f8f6586ea4740238f667f8337cf6fb) Importer(2089858483,b0f066a214c2f5e87bad3c948f4d605d) (ScriptedImporter) -> (artifact id: '4ed3f4f8e0cbde79b15fc7683eb3f37e') in 0.0123783 seconds
Number of updated asset objects reloaded before import = 0Number of asset objects unloaded after import = 0

========================================================================
Received Import Request.
  Time since last request: 0.000021 seconds.
  path: Assets/Plugins/Kubacho/vHierarchy/Read me.pdf
  artifactKey: Guid(520b2a02f70c04615b08281be020f305) Importer(2089858483,b0f066a214c2f5e87bad3c948f4d605d)
Start importing Assets/Plugins/Kubacho/vHierarchy/Read me.pdf using Guid(520b2a02f70c04615b08281be020f305) Importer(2089858483,b0f066a214c2f5e87bad3c948f4d605d) (ScriptedImporter) -> (artifact id: '3f48c404e5234a612995f54ed2ad16dc') in 0.0112247 seconds
Number of updated asset objects reloaded before import = 0Number of asset objects unloaded after import = 1

========================================================================
Received Import Request.
  Time since last request: 0.000011 seconds.
  path: Assets/Plugins/Kubacho/vInspector/VInspectorDrawers.cs
  artifactKey: Guid(481331f9e0bfe494f98ee0fc8ebfeb84) Importer(2089858483,b0f066a214c2f5e87bad3c948f4d605d)
Start importing Assets/Plugins/Kubacho/vInspector/VInspectorDrawers.cs using Guid(481331f9e0bfe494f98ee0fc8ebfeb84) Importer(2089858483,b0f066a214c2f5e87bad3c948f4d605d) (ScriptedImporter) -> (artifact id: '03d1181bc3d8a0965a219d20ff0b6ac6') in 0.0128541 seconds
Number of updated asset objects reloaded before import = 0Number of asset objects unloaded after import = 0

========================================================================
Received Import Request.
  Time since last request: 0.000045 seconds.
  path: Assets/Plugins/Kubacho/vFolders/VFoldersPalette.cs
  artifactKey: Guid(618f730fcd14941fab38169a7dde8c64) Importer(2089858483,b0f066a214c2f5e87bad3c948f4d605d)
Start importing Assets/Plugins/Kubacho/vFolders/VFoldersPalette.cs using Guid(618f730fcd14941fab38169a7dde8c64) Importer(2089858483,b0f066a214c2f5e87bad3c948f4d605d) (ScriptedImporter) -> (artifact id: '31fe3251d5c1d73062c268bba586ad0e') in 0.0110173 seconds
Number of updated asset objects reloaded before import = 0Number of asset objects unloaded after import = 0

========================================================================
Received Import Request.
  Time since last request: 0.000042 seconds.
  path: Assets/Plugins/Kubacho/vFolders/VFolders.asmdef
  artifactKey: Guid(3331bc437f3a24586b7e86e7bdd62b5e) Importer(2089858483,b0f066a214c2f5e87bad3c948f4d605d)
Start importing Assets/Plugins/Kubacho/vFolders/VFolders.asmdef using Guid(3331bc437f3a24586b7e86e7bdd62b5e) Importer(2089858483,b0f066a214c2f5e87bad3c948f4d605d) (ScriptedImporter) -> (artifact id: '46730e85df7d30b78d010419389dfae2') in 0.0111817 seconds
Number of updated asset objects reloaded before import = 0Number of asset objects unloaded after import = 1

========================================================================
Received Import Request.
  Time since last request: 0.000127 seconds.
  path: Assets/Plugins/Kubacho/vInspector/VInspectorResettableVariables.cs
  artifactKey: Guid(4efb7d95707f0459ba76cac7fa149875) Importer(2089858483,b0f066a214c2f5e87bad3c948f4d605d)
Start importing Assets/Plugins/Kubacho/vInspector/VInspectorResettableVariables.cs using Guid(4efb7d95707f0459ba76cac7fa149875) Importer(2089858483,b0f066a214c2f5e87bad3c948f4d605d) (ScriptedImporter) -> (artifact id: 'e504ea9eb38c7251682f2b412e5c7ec4') in 0.0106212 seconds
Number of updated asset objects reloaded before import = 0Number of asset objects unloaded after import = 0

========================================================================
Received Import Request.
  Time since last request: 0.000035 seconds.
  path: Assets/Plugins/Kubacho/vFavorites/VFavorites.cs
  artifactKey: Guid(6651039474d594cdd91489768cf293f6) Importer(2089858483,b0f066a214c2f5e87bad3c948f4d605d)
Start importing Assets/Plugins/Kubacho/vFavorites/VFavorites.cs using Guid(6651039474d594cdd91489768cf293f6) Importer(2089858483,b0f066a214c2f5e87bad3c948f4d605d) (ScriptedImporter) -> (artifact id: '185ef7749559456a577bd3f0ece01f18') in 0.0120617 seconds
Number of updated asset objects reloaded before import = 0Number of asset objects unloaded after import = 0

========================================================================
Received Import Request.
  Time since last request: 0.000043 seconds.
  path: Assets/Plugins/Kubacho/vFolders
  artifactKey: Guid(109ccfb08b9fd4bf5a9d8deee2ace2ed) Importer(2089858483,b0f066a214c2f5e87bad3c948f4d605d)
Start importing Assets/Plugins/Kubacho/vFolders using Guid(109ccfb08b9fd4bf5a9d8deee2ace2ed) Importer(2089858483,b0f066a214c2f5e87bad3c948f4d605d) (ScriptedImporter) -> (artifact id: 'a2b1507c73eac2626238f78e64b4bac8') in 0.0093803 seconds
Number of updated asset objects reloaded before import = 0Number of asset objects unloaded after import = 1

========================================================================
Received Import Request.
  Time since last request: 0.000018 seconds.
  path: Assets/Plugins/Kubacho/vInspector/VInspectorSerializedDictionary.cs
  artifactKey: Guid(00ee9a38e8fee47c29efb5789be8458c) Importer(2089858483,b0f066a214c2f5e87bad3c948f4d605d)
Start importing Assets/Plugins/Kubacho/vInspector/VInspectorSerializedDictionary.cs using Guid(00ee9a38e8fee47c29efb5789be8458c) Importer(2089858483,b0f066a214c2f5e87bad3c948f4d605d) (ScriptedImporter) -> (artifact id: '957323c1456684ca1968ad3608f5f8c4') in 0.0122785 seconds
Number of updated asset objects reloaded before import = 0Number of asset objects unloaded after import = 0

========================================================================
Received Import Request.
  Time since last request: 2.076018 seconds.
  path: Assets/Shared/Scenes/DemoScene.unity
  artifactKey: Guid(4b715df4c28f7364c8b1d36151220364) Importer(2089858483,b0f066a214c2f5e87bad3c948f4d605d)
Start importing Assets/Shared/Scenes/DemoScene.unity using Guid(4b715df4c28f7364c8b1d36151220364) Importer(2089858483,b0f066a214c2f5e87bad3c948f4d605d) (ScriptedImporter) -> (artifact id: '6aaec23f80c11631580afe791e4f6188') in 0.0156325 seconds
Number of updated asset objects reloaded before import = 0Number of asset objects unloaded after import = 1

========================================================================
Received Import Request.
  Time since last request: 141.930730 seconds.
  path: Assets/Shared/Scenes/DemoScene.unity
  artifactKey: Guid(4b715df4c28f7364c8b1d36151220364) Importer(2089858483,b0f066a214c2f5e87bad3c948f4d605d)
Start importing Assets/Shared/Scenes/DemoScene.unity using Guid(4b715df4c28f7364c8b1d36151220364) Importer(2089858483,b0f066a214c2f5e87bad3c948f4d605d) (ScriptedImporter) -> (artifact id: '16d9b878785e30c878bf48d9e8ad2eaf') in 0.0149587 seconds
Number of updated asset objects reloaded before import = 0Number of asset objects unloaded after import = 1

========================================================================
Received Import Request.
  Time since last request: 128.321199 seconds.
  path: Assets/Shared/Scenes/TestSceneSettings.lighting
  artifactKey: Guid(8e1a8df6808d4ca469d5edd4fa08266e) Importer(2089858483,b0f066a214c2f5e87bad3c948f4d605d)
Start importing Assets/Shared/Scenes/TestSceneSettings.lighting using Guid(8e1a8df6808d4ca469d5edd4fa08266e) Importer(2089858483,b0f066a214c2f5e87bad3c948f4d605d) (ScriptedImporter)LightingSettings: switching bake backend from 2 to 1.
 -> (artifact id: 'ac0462e1888d9a3d7c192b1476b2de15') in 0.0257432 seconds
Number of updated asset objects reloaded before import = 0Number of asset objects unloaded after import = 1

========================================================================
Received Import Request.
  Time since last request: 5.431295 seconds.
  path: Assets/Shared/Scenes/MainMenuBackgroundScene
  artifactKey: Guid(12ec4f91949824945980f6892bd9f0fb) Importer(815301076,1909f56bfc062723c751e8b465ee728b)
Start importing Assets/Shared/Scenes/MainMenuBackgroundScene using Guid(12ec4f91949824945980f6892bd9f0fb) Importer(815301076,1909f56bfc062723c751e8b465ee728b) (PreviewImporter) -> (artifact id: 'ccf861e134a920000b2f6707eb76b3c1') in 0.000407 seconds
Number of updated asset objects reloaded before import = 0Number of asset objects unloaded after import = 0

========================================================================
Received Import Request.
  Time since last request: 1.241669 seconds.
  path: Assets/Shared/Scenes/DemoScene
  artifactKey: Guid(f8cc333c170f5e44ba07ded7d23213dc) Importer(815301076,1909f56bfc062723c751e8b465ee728b)
Start importing Assets/Shared/Scenes/DemoScene using Guid(f8cc333c170f5e44ba07ded7d23213dc) Importer(815301076,1909f56bfc062723c751e8b465ee728b) (PreviewImporter) -> (artifact id: '311f90708f3d53d34a092ca8d5759aae') in 0.0003621 seconds
Number of updated asset objects reloaded before import = 0Number of asset objects unloaded after import = 0

========================================================================
Received Import Request.
  Time since last request: 2.054397 seconds.
  path: Assets/Shared/Scenes/LoadingScene.unity
  artifactKey: Guid(4d30ac598a344fa4f94cb5885529fae5) Importer(815301076,1909f56bfc062723c751e8b465ee728b)
Start importing Assets/Shared/Scenes/LoadingScene.unity using Guid(4d30ac598a344fa4f94cb5885529fae5) Importer(815301076,1909f56bfc062723c751e8b465ee728b) (PreviewImporter) -> (artifact id: '324151498781132d27fd3f29cb8d31d0') in 0.0003686 seconds
Number of updated asset objects reloaded before import = 0Number of asset objects unloaded after import = 0

========================================================================
Received Import Request.
  Time since last request: 2.172969 seconds.
  path: Assets/Shared/Scenes/MainMenuBackgroundScene.unity
  artifactKey: Guid(ac1d74a9680cd1946a806c1b225e8aae) Importer(815301076,1909f56bfc062723c751e8b465ee728b)
Start importing Assets/Shared/Scenes/MainMenuBackgroundScene.unity using Guid(ac1d74a9680cd1946a806c1b225e8aae) Importer(815301076,1909f56bfc062723c751e8b465ee728b) (PreviewImporter) -> (artifact id: 'ed0ec89bd959c450d72c9ce67517dab5') in 0.0003463 seconds
Number of updated asset objects reloaded before import = 0Number of asset objects unloaded after import = 0

========================================================================
Received Import Request.
  Time since last request: 1.667902 seconds.
  path: Assets/Shared/Scenes/LoadingScene/ReflectionProbe-0.exr
  artifactKey: Guid(87ff9b6e52d706c4d85cb9cf80124b82) Importer(2089858483,b0f066a214c2f5e87bad3c948f4d605d)
Start importing Assets/Shared/Scenes/LoadingScene/ReflectionProbe-0.exr using Guid(87ff9b6e52d706c4d85cb9cf80124b82) Importer(2089858483,b0f066a214c2f5e87bad3c948f4d605d) (ScriptedImporter)[Licensing::Client] Successfully resolved entitlement details
[Licensing::Module] License group:
  Id: F4-AUWP-G4KN-QJ7R-NX3V-XXXX
  Product: Unity Personal
  Type: ULF
  Expiration: Unlimited
[Licensing::Module] License group:
  Id: 2476475-UnityPersXXXX
  Product: Unity Personal
  Type: Assigned
  Expiration: Unlimited
 -> (artifact id: '49dc47dbcde5b181217c07fca2b7738b') in 0.0340638 seconds
Number of updated asset objects reloaded before import = 0Number of asset objects unloaded after import = 1

========================================================================
Received Import Request.
  Time since last request: 15.045048 seconds.
  path: Assets/Shared/Scenes/MainMenuBackgroundSceneSettings.lighting
  artifactKey: Guid(03187ada3ac179d40a68915cd12b6abd) Importer(2089858483,b0f066a214c2f5e87bad3c948f4d605d)
Start importing Assets/Shared/Scenes/MainMenuBackgroundSceneSettings.lighting using Guid(03187ada3ac179d40a68915cd12b6abd) Importer(2089858483,b0f066a214c2f5e87bad3c948f4d605d) (ScriptedImporter)LightingSettings: switching bake backend from 2 to 1.
 -> (artifact id: 'ae2bb443ab470a144d61c014486f5b7f') in 0.0098194 seconds
Number of updated asset objects reloaded before import = 0Number of asset objects unloaded after import = 1

========================================================================
Received Import Request.
  Time since last request: 3.196880 seconds.
  path: Assets/Shared/Scenes/TestScene.unity
  artifactKey: Guid(abb809390820c0740b09347f36b8d44a) Importer(815301076,1909f56bfc062723c751e8b465ee728b)
Start importing Assets/Shared/Scenes/TestScene.unity using Guid(abb809390820c0740b09347f36b8d44a) Importer(815301076,1909f56bfc062723c751e8b465ee728b) (PreviewImporter) -> (artifact id: '74625134faba0fc5797638144aabff03') in 0.0003793 seconds
Number of updated asset objects reloaded before import = 0Number of asset objects unloaded after import = 0

========================================================================
Received Import Request.
  Time since last request: 7.692401 seconds.
  path: Assets/Levels/Level 1
  artifactKey: Guid(2007db0a006e73a44b90a0f6bd299578) Importer(815301076,1909f56bfc062723c751e8b465ee728b)
Start importing Assets/Levels/Level 1 using Guid(2007db0a006e73a44b90a0f6bd299578) Importer(815301076,1909f56bfc062723c751e8b465ee728b) (PreviewImporter) -> (artifact id: 'f45d4295b0f9b00fac09e74a3d021211') in 0.0004997 seconds
Number of updated asset objects reloaded before import = 0Number of asset objects unloaded after import = 0

========================================================================
Received Import Request.
  Time since last request: 0.996865 seconds.
  path: Assets/Levels/Level 1/Level_1.asset
  artifactKey: Guid(4d2bdb1740931ad468c40fdbcc04cdea) Importer(815301076,1909f56bfc062723c751e8b465ee728b)
Start importing Assets/Levels/Level 1/Level_1.asset using Guid(4d2bdb1740931ad468c40fdbcc04cdea) Importer(815301076,1909f56bfc062723c751e8b465ee728b) (PreviewImporter) -> (artifact id: '322dfcef44cc3159b2ed153d1e2f0b3e') in 0.0102443 seconds
Number of updated asset objects reloaded before import = 0Number of asset objects unloaded after import = 1

========================================================================
Received Import Request.
  Time since last request: 1.038297 seconds.
  path: Assets/Levels/Level 1/LevelScene_1.unity
  artifactKey: Guid(dba26c2f2058c1f45b9fd18b8e826bd3) Importer(815301076,1909f56bfc062723c751e8b465ee728b)
Start importing Assets/Levels/Level 1/LevelScene_1.unity using Guid(dba26c2f2058c1f45b9fd18b8e826bd3) Importer(815301076,1909f56bfc062723c751e8b465ee728b) (PreviewImporter) -> (artifact id: 'ad74191dc1641fa9256cafe5ba8092ca') in 0.0003709 seconds
Number of updated asset objects reloaded before import = 0Number of asset objects unloaded after import = 0

========================================================================
Received Import Request.
  Time since last request: 14.285010 seconds.
  path: Assets/Levels/Level 2/LevelScene_2.unity
  artifactKey: Guid(75d9929769b44cd429e38360c36feccb) Importer(815301076,1909f56bfc062723c751e8b465ee728b)
Start importing Assets/Levels/Level 2/LevelScene_2.unity using Guid(75d9929769b44cd429e38360c36feccb) Importer(815301076,1909f56bfc062723c751e8b465ee728b) (PreviewImporter) -> (artifact id: '102fcf8ecce2b209f6725bedb655bf5f') in 0.0005068 seconds
Number of updated asset objects reloaded before import = 0Number of asset objects unloaded after import = 0

========================================================================
Received Import Request.
  Time since last request: 2.083942 seconds.
  path: Assets/Levels/Level 1/LevelScene_1Settings.lighting
  artifactKey: Guid(09eee98dd724fcb4a971747a467c808d) Importer(2089858483,b0f066a214c2f5e87bad3c948f4d605d)
Start importing Assets/Levels/Level 1/LevelScene_1Settings.lighting using Guid(09eee98dd724fcb4a971747a467c808d) Importer(2089858483,b0f066a214c2f5e87bad3c948f4d605d) (ScriptedImporter)LightingSettings: switching bake backend from 2 to 1.
 -> (artifact id: 'ec324a901526185fdbfc35d57e2eec0d') in 0.0167073 seconds
Number of updated asset objects reloaded before import = 0Number of asset objects unloaded after import = 1

========================================================================
Received Import Request.
  Time since last request: 10.528023 seconds.
  path: Assets/Levels/Level 3/LevelScene_3.unity
  artifactKey: Guid(ba3d57b3ef94c264b9a652ed705e04cf) Importer(815301076,1909f56bfc062723c751e8b465ee728b)
Start importing Assets/Levels/Level 3/LevelScene_3.unity using Guid(ba3d57b3ef94c264b9a652ed705e04cf) Importer(815301076,1909f56bfc062723c751e8b465ee728b) (PreviewImporter) -> (artifact id: '1ce8407fa5dad32310def2a2b0da2413') in 0.0003708 seconds
Number of updated asset objects reloaded before import = 0Number of asset objects unloaded after import = 0

========================================================================
Received Import Request.
  Time since last request: 2.157729 seconds.
  path: Assets/Levels/Level 2/LevelScene_2.unity
  artifactKey: Guid(75d9929769b44cd429e38360c36feccb) Importer(2089858483,b0f066a214c2f5e87bad3c948f4d605d)
Start importing Assets/Levels/Level 2/LevelScene_2.unity using Guid(75d9929769b44cd429e38360c36feccb) Importer(2089858483,b0f066a214c2f5e87bad3c948f4d605d) (ScriptedImporter) -> (artifact id: '29ba2d111bf5ad611fd703d0aa6e1b62') in 0.0159167 seconds
Number of updated asset objects reloaded before import = 0Number of asset objects unloaded after import = 1

========================================================================
Received Import Request.
  Time since last request: 8.116625 seconds.
  path: Assets/Levels/Level 3/LevelScene_3.unity
  artifactKey: Guid(ba3d57b3ef94c264b9a652ed705e04cf) Importer(2089858483,b0f066a214c2f5e87bad3c948f4d605d)
Start importing Assets/Levels/Level 3/LevelScene_3.unity using Guid(ba3d57b3ef94c264b9a652ed705e04cf) Importer(2089858483,b0f066a214c2f5e87bad3c948f4d605d) (ScriptedImporter) -> (artifact id: 'bac79e76c75f1165098c3e1de490f2f4') in 0.259003 seconds
Number of updated asset objects reloaded before import = 0Number of asset objects unloaded after import = 1

========================================================================
Received Import Request.
  Time since last request: 0.795377 seconds.
  path: Assets/Levels/Level 4/LevelScene_4.unity
  artifactKey: Guid(fad128bdb1c6e4941b40ec472ef2efa7) Importer(815301076,1909f56bfc062723c751e8b465ee728b)
Start importing Assets/Levels/Level 4/LevelScene_4.unity using Guid(fad128bdb1c6e4941b40ec472ef2efa7) Importer(815301076,1909f56bfc062723c751e8b465ee728b) (PreviewImporter) -> (artifact id: 'd387878a7dea1a9181c1643c9ec0718c') in 0.0003627 seconds
Number of updated asset objects reloaded before import = 0Number of asset objects unloaded after import = 0

========================================================================
Received Import Request.
  Time since last request: 9.761242 seconds.
  path: Assets/Levels/Level 4/LevelScene_4.unity
  artifactKey: Guid(fad128bdb1c6e4941b40ec472ef2efa7) Importer(2089858483,b0f066a214c2f5e87bad3c948f4d605d)
Start importing Assets/Levels/Level 4/LevelScene_4.unity using Guid(fad128bdb1c6e4941b40ec472ef2efa7) Importer(2089858483,b0f066a214c2f5e87bad3c948f4d605d) (ScriptedImporter) -> (artifact id: '8d37a7a5947e1f2894f4a83a1386dc2a') in 0.0152463 seconds
Number of updated asset objects reloaded before import = 0Number of asset objects unloaded after import = 1

========================================================================
Received Import Request.
  Time since last request: 1.339761 seconds.
  path: Assets/Levels/Level 5/LevelScene_5.unity
  artifactKey: Guid(7db9821514b67f544b862afe687dacbb) Importer(815301076,1909f56bfc062723c751e8b465ee728b)
Start importing Assets/Levels/Level 5/LevelScene_5.unity using Guid(7db9821514b67f544b862afe687dacbb) Importer(815301076,1909f56bfc062723c751e8b465ee728b) (PreviewImporter) -> (artifact id: 'a20a2c485f52b99ad627822399f689be') in 0.0003778 seconds
Number of updated asset objects reloaded before import = 0Number of asset objects unloaded after import = 0

========================================================================
Received Import Request.
  Time since last request: 8.254842 seconds.
  path: Assets/Levels/Level 5/LevelScene_5.unity
  artifactKey: Guid(7db9821514b67f544b862afe687dacbb) Importer(2089858483,b0f066a214c2f5e87bad3c948f4d605d)
Start importing Assets/Levels/Level 5/LevelScene_5.unity using Guid(7db9821514b67f544b862afe687dacbb) Importer(2089858483,b0f066a214c2f5e87bad3c948f4d605d) (ScriptedImporter) -> (artifact id: 'fcbc8034e559ab1a72e4b3657b0bed6a') in 0.282394 seconds
Number of updated asset objects reloaded before import = 0Number of asset objects unloaded after import = 1

========================================================================
Received Import Request.
  Time since last request: 0.452921 seconds.
  path: Assets/Levels/Level 6/LevelScene_6.unity
  artifactKey: Guid(6c695a7df5d36d744950ff72f8db8c97) Importer(815301076,1909f56bfc062723c751e8b465ee728b)
Start importing Assets/Levels/Level 6/LevelScene_6.unity using Guid(6c695a7df5d36d744950ff72f8db8c97) Importer(815301076,1909f56bfc062723c751e8b465ee728b) (PreviewImporter) -> (artifact id: '7340cfccc6682faf88ba93da56ec9a98') in 0.0003493 seconds
Number of updated asset objects reloaded before import = 0Number of asset objects unloaded after import = 0

========================================================================
Received Import Request.
  Time since last request: 8.085846 seconds.
  path: Assets/Levels/Level 6/LevelScene_6.unity
  artifactKey: Guid(6c695a7df5d36d744950ff72f8db8c97) Importer(2089858483,b0f066a214c2f5e87bad3c948f4d605d)
Start importing Assets/Levels/Level 6/LevelScene_6.unity using Guid(6c695a7df5d36d744950ff72f8db8c97) Importer(2089858483,b0f066a214c2f5e87bad3c948f4d605d) (ScriptedImporter) -> (artifact id: 'ef857c549e00776734bd26d83a7d5bed') in 0.2776145 seconds
Number of updated asset objects reloaded before import = 0Number of asset objects unloaded after import = 1

========================================================================
Received Import Request.
  Time since last request: 0.859739 seconds.
  path: Assets/Levels/Level 7/LevelScene_7.unity
  artifactKey: Guid(27a10a7f4f536994f86f233dcf8c89bf) Importer(815301076,1909f56bfc062723c751e8b465ee728b)
Start importing Assets/Levels/Level 7/LevelScene_7.unity using Guid(27a10a7f4f536994f86f233dcf8c89bf) Importer(815301076,1909f56bfc062723c751e8b465ee728b) (PreviewImporter) -> (artifact id: 'c73a5c494c41f26fdc9f97289a585af3') in 0.000345 seconds
Number of updated asset objects reloaded before import = 0Number of asset objects unloaded after import = 0

========================================================================
Received Import Request.
  Time since last request: 8.113792 seconds.
  path: Assets/Levels/Level 7/LevelScene_7.unity
  artifactKey: Guid(27a10a7f4f536994f86f233dcf8c89bf) Importer(2089858483,b0f066a214c2f5e87bad3c948f4d605d)
Start importing Assets/Levels/Level 7/LevelScene_7.unity using Guid(27a10a7f4f536994f86f233dcf8c89bf) Importer(2089858483,b0f066a214c2f5e87bad3c948f4d605d) (ScriptedImporter) -> (artifact id: 'd59c2dbb63f81e13e24b71abeb6127e9') in 0.0139804 seconds
Number of updated asset objects reloaded before import = 0Number of asset objects unloaded after import = 1

========================================================================
Received Import Request.
  Time since last request: 0.965743 seconds.
  path: Assets/Levels/Level 8/LevelScene_8.unity
  artifactKey: Guid(7e4dad1fd71f7b145b8db1b06e2f3555) Importer(815301076,1909f56bfc062723c751e8b465ee728b)
Start importing Assets/Levels/Level 8/LevelScene_8.unity using Guid(7e4dad1fd71f7b145b8db1b06e2f3555) Importer(815301076,1909f56bfc062723c751e8b465ee728b) (PreviewImporter) -> (artifact id: '06edfd53ac942e28c49e427649423290') in 0.0003565 seconds
Number of updated asset objects reloaded before import = 0Number of asset objects unloaded after import = 0

========================================================================
Received Import Request.
  Time since last request: 8.854383 seconds.
  path: Assets/Levels/Level 8/LevelScene_8.unity
  artifactKey: Guid(7e4dad1fd71f7b145b8db1b06e2f3555) Importer(2089858483,b0f066a214c2f5e87bad3c948f4d605d)
Start importing Assets/Levels/Level 8/LevelScene_8.unity using Guid(7e4dad1fd71f7b145b8db1b06e2f3555) Importer(2089858483,b0f066a214c2f5e87bad3c948f4d605d) (ScriptedImporter) -> (artifact id: '8068ede8ddb015e3488b29776f29c320') in 0.0135175 seconds
Number of updated asset objects reloaded before import = 0Number of asset objects unloaded after import = 1

========================================================================
Received Import Request.
  Time since last request: 0.745458 seconds.
  path: Assets/Levels/Level 9/LevelScene_9.unity
  artifactKey: Guid(53c62bdb5324f35408fdd7d8ff108327) Importer(815301076,1909f56bfc062723c751e8b465ee728b)
Start importing Assets/Levels/Level 9/LevelScene_9.unity using Guid(53c62bdb5324f35408fdd7d8ff108327) Importer(815301076,1909f56bfc062723c751e8b465ee728b) (PreviewImporter) -> (artifact id: '0521c80ee34fc4e65612b5ab6da33ac2') in 0.0003643 seconds
Number of updated asset objects reloaded before import = 0Number of asset objects unloaded after import = 0

========================================================================
Received Import Request.
  Time since last request: 7.740123 seconds.
  path: Assets/Levels/Level 9/LevelScene_9Settings.lighting
  artifactKey: Guid(1a6798949fa3ac74fbd62e8dfc23dd2b) Importer(2089858483,b0f066a214c2f5e87bad3c948f4d605d)
Start importing Assets/Levels/Level 9/LevelScene_9Settings.lighting using Guid(1a6798949fa3ac74fbd62e8dfc23dd2b) Importer(2089858483,b0f066a214c2f5e87bad3c948f4d605d) (ScriptedImporter)LightingSettings: switching bake backend from 2 to 1.
 -> (artifact id: 'a48c9351fe6543606d3d6bf6e279f9e6') in 0.0152175 seconds
Number of updated asset objects reloaded before import = 0Number of asset objects unloaded after import = 1

========================================================================
Received Import Request.
  Time since last request: 0.770320 seconds.
  path: Assets/Levels/Level 10/LevelScene_10.unity
  artifactKey: Guid(51c13ce6cbb2fc54db88a05350b21cb9) Importer(815301076,1909f56bfc062723c751e8b465ee728b)
Start importing Assets/Levels/Level 10/LevelScene_10.unity using Guid(51c13ce6cbb2fc54db88a05350b21cb9) Importer(815301076,1909f56bfc062723c751e8b465ee728b) (PreviewImporter) -> (artifact id: 'e5e0144da0219668c3aaf610ba079239') in 0.000361 seconds
Number of updated asset objects reloaded before import = 0Number of asset objects unloaded after import = 0

========================================================================
Received Import Request.
  Time since last request: 7.311246 seconds.
  path: Assets/Levels/Level 10/LevelScene_10Settings.lighting
  artifactKey: Guid(6ec5a5558cdd5a2409c9308c0e604b3b) Importer(2089858483,b0f066a214c2f5e87bad3c948f4d605d)
Start importing Assets/Levels/Level 10/LevelScene_10Settings.lighting using Guid(6ec5a5558cdd5a2409c9308c0e604b3b) Importer(2089858483,b0f066a214c2f5e87bad3c948f4d605d) (ScriptedImporter)LightingSettings: switching bake backend from 2 to 1.
 -> (artifact id: 'c876af2a8d130e1637a67df5e86f89e6') in 0.0184356 seconds
Number of updated asset objects reloaded before import = 0Number of asset objects unloaded after import = 1

========================================================================
Received Import Request.
  Time since last request: 0.752674 seconds.
  path: Assets/Levels/Level 11/LevelScene_11.unity
  artifactKey: Guid(ae0ab96557849964783efb4e7b124a76) Importer(815301076,1909f56bfc062723c751e8b465ee728b)
Start importing Assets/Levels/Level 11/LevelScene_11.unity using Guid(ae0ab96557849964783efb4e7b124a76) Importer(815301076,1909f56bfc062723c751e8b465ee728b) (PreviewImporter) -> (artifact id: '6bbd133201de780a684fce2e74931aa7') in 0.0003655 seconds
Number of updated asset objects reloaded before import = 0Number of asset objects unloaded after import = 0

========================================================================
Received Import Request.
  Time since last request: 7.934304 seconds.
  path: Assets/Levels/Level 11/LevelScene_11.unity
  artifactKey: Guid(ae0ab96557849964783efb4e7b124a76) Importer(2089858483,b0f066a214c2f5e87bad3c948f4d605d)
Start importing Assets/Levels/Level 11/LevelScene_11.unity using Guid(ae0ab96557849964783efb4e7b124a76) Importer(2089858483,b0f066a214c2f5e87bad3c948f4d605d) (ScriptedImporter) -> (artifact id: '59701b5e2a6435e278c1d81d3e010574') in 0.2269171 seconds
Number of updated asset objects reloaded before import = 0Number of asset objects unloaded after import = 1

========================================================================
Received Import Request.
  Time since last request: 13.271009 seconds.
  path: Assets/ProCore/ProBuilderData
  artifactKey: Guid(d63b41d5d82555445ad31ee6076e0387) Importer(815301076,1909f56bfc062723c751e8b465ee728b)
Start importing Assets/ProCore/ProBuilderData using Guid(d63b41d5d82555445ad31ee6076e0387) Importer(815301076,1909f56bfc062723c751e8b465ee728b) (PreviewImporter) -> (artifact id: 'e3ec0f832868a4890cd45a4161f4b1ec') in 0.0003446 seconds
Number of updated asset objects reloaded before import = 0Number of asset objects unloaded after import = 0

