[Licensing::Module] Trying to connect to existing licensing client channel...
Built from '6000.3/respin/6000.3.6f1-732c1ec89f18' branch; Version is '6000.3.6f1 (bbb010bdb8a3) revision 12300304'; Using compiler version '194234433'; Build Type 'Release'
OS: 'Windows 11  (10.0.26100) Professional' Language: 'en' Physical Memory: 65372 MB
[Licensing::IpcConnector] Successfully connected to: "LicenseClient-Stijn" at "2026-02-10T13:15:15.7284776Z"
BatchMode: 1, IsHumanControllingUs: 0, StartBugReporterOnCrash: 0, Is64bit: 1
System  architecture: x64
Process architecture: x64
Date: 2026-02-10T13:15:15Z

COMMAND LINE ARGUMENTS:
C:\Program Files\Unity\Hub\Editor\6000.3.6f1\Editor\Unity.exe
-adb2
-batchMode
-noUpm
-name
AssetImportWorker1
-projectPath
D:/Git/kweek
-logFile
Logs/AssetImportWorker1.log
-srvPort
55921
-licensingIpc
LicenseClient-Stijn
-job-worker-count
9
-background-job-worker-count
8
-gc-helper-count
1
-name
AssetImport
Successfully changed project path to: D:/Git/kweek
D:/Git/kweek
[UnityMemory] Configuration Parameters - Can be set up in boot.config
    "memorysetup-temp-allocator-size-nav-mesh-worker=65536"
    "memorysetup-temp-allocator-size-audio-worker=65536"
    "memorysetup-temp-allocator-size-gfx=262144"
    "memorysetup-allocator-temp-initial-block-size-main=262144"
    "memorysetup-allocator-temp-initial-block-size-worker=262144"
    "memorysetup-temp-allocator-size-background-worker=32768"
    "memorysetup-temp-allocator-size-job-worker=262144"
    "memorysetup-temp-allocator-size-preload-manager=33554432"
    "memorysetup-temp-allocator-size-gi-baking-worker=262144"
    "memorysetup-temp-allocator-size-gi-baking-worker=262144"
    "memorysetup-temp-allocator-size-gi-baking-worker=262144"
    "memorysetup-temp-allocator-size-gi-baking-worker=262144"
    "memorysetup-temp-allocator-size-gi-baking-worker=262144"
    "memorysetup-bucket-allocator-granularity=16"
    "memorysetup-bucket-allocator-bucket-count=8"
    "memorysetup-bucket-allocator-block-size=33554432"
    "memorysetup-bucket-allocator-block-count=8"
    "memorysetup-main-allocator-block-size=16777216"
    "memorysetup-thread-allocator-block-size=16777216"
    "memorysetup-gfx-main-allocator-block-size=16777216"
    "memorysetup-gfx-thread-allocator-block-size=16777216"
    "memorysetup-cache-allocator-block-size=4194304"
    "memorysetup-typetree-allocator-block-size=2097152"
    "memorysetup-profiler-bucket-allocator-granularity=16"
    "memorysetup-profiler-bucket-allocator-bucket-count=8"
    "memorysetup-profiler-bucket-allocator-block-size=33554432"
    "memorysetup-profiler-bucket-allocator-block-count=8"
    "memorysetup-profiler-allocator-block-size=16777216"
    "memorysetup-profiler-editor-allocator-block-size=1048576"
    "memorysetup-temp-allocator-size-main=16777216"
    "memorysetup-job-temp-allocator-block-size=2097152"
    "memorysetup-job-temp-allocator-block-size-background=1048576"
    "memorysetup-job-temp-allocator-reduction-small-platforms=262144"
    "memorysetup-temp-allocator-size-cloud-worker=32768"
Player connection [32764]  Target information:

Player connection [32764]  * "[IP] 192.168.1.7 [Port] 0 [Flags] 2 [Guid] 3180061026 [EditorId] 3180061026 [Version] 1048832 [Id] WindowsEditor(7,DESKTOP-STIJN) [Debug] 1 [PackageName] WindowsEditor [ProjectName] Editor" 

Player connection [32764] Host joined multi-casting on [225.0.0.222:54997]...
Player connection [32764] Host joined alternative multi-casting on [225.0.0.222:34997]...
JobSystem: Creating JobQueue using job-worker-count value 9
Input System module state changed to: Initialized.
[Physics::Module] Initialized fallback backend.
[Physics::Module] Id: 0xdecafbad
Library Redirect Path: Library/
[Physics::Module] Selected backend.
[Physics::Module] Name: PhysX
[Physics::Module] Id: 0xf2b8ea05
[Physics::Module] SDK Version: 4.1.2
[Physics::Module] Integration Version: 1.0.0
[Physics::Module] Threading Mode: Multi-Threaded
Refreshing native plugins compatible for Editor in 0.50 ms, found 0 plugins.
Preloading 0 native plugins for Editor in 0.00 ms.
Initialize engine version: 6000.3.6f1 (bbb010bdb8a3)
[Subsystems] Discovering subsystems at path C:/Program Files/Unity/Hub/Editor/6000.3.6f1/Editor/Data/Resources/UnitySubsystems
[Subsystems] Discovering subsystems at path D:/Git/kweek/Assets
GfxDevice: creating device client; kGfxThreadingModeNonThreaded
Direct3D:
    Version:  Direct3D 11.0 [level 11.1]
    Renderer: NVIDIA GeForce GTX 1660 SUPER (ID=0x21c4)
    Vendor:   NVIDIA
    VRAM:     5966 MB
    Driver:   32.0.15.6070
Initialize mono
Mono path[0] = 'C:/Program Files/Unity/Hub/Editor/6000.3.6f1/Editor/Data/Managed'
Mono path[1] = 'C:/Program Files/Unity/Hub/Editor/6000.3.6f1/Editor/Data/MonoBleedingEdge/lib/mono/unityjit-win32'
Mono config path = 'C:/Program Files/Unity/Hub/Editor/6000.3.6f1/Editor/Data/MonoBleedingEdge/etc'
Using monoOptions --debugger-agent=transport=dt_socket,embedding=1,server=y,suspend=n,address=127.0.0.1:56844
Begin MonoManager ReloadAssembly
Registering precompiled unity dll's ...
Register platform support module: C:/Program Files/Unity/Hub/Editor/6000.3.6f1/Editor/Data/PlaybackEngines/WebGLSupport/UnityEditor.WebGL.Extensions.dll
Register platform support module: C:/Program Files/Unity/Hub/Editor/6000.3.6f1/Editor/Data/PlaybackEngines/WindowsStandaloneSupport/UnityEditor.WindowsStandalone.Extensions.dll
[Licensing::Module] Licensing is not yet initialized.
[Licensing::Client] Handshaking with LicensingClient:
  Version:                 1.17.4+4293ba1
  Session Id:              d69655bdedff4a0b84f6079ef7a76ddb
  Correlation Id:          b6c772e1cb8cafe607b54e67cdc932fa
  External correlation Id: 5182346214973683030
  Machine Id:              QhGBEh8RRdaccYt7DuPJbceqiCc=
[Licensing::Module] Successfully connected to LicensingClient on channel: "LicenseClient-Stijn" (connect: 0.00s, validation: 0.01s, handshake: 0.66s)
[Licensing::IpcConnector] Successfully connected to: "LicenseClient-Stijn-notifications" at "2026-02-10T13:15:16.4036615Z"
[Licensing::Module] Licensing Background thread has ended after 0.68s
[Licensing::Module] Licensing is initialized (took 0.10s).
[Licensing::Client] Successfully resolved entitlement details
[Licensing::Module] License group:
  Id: F4-AUWP-G4KN-QJ7R-NX3V-XXXX
  Product: Unity Personal
  Type: ULF
  Expiration: Unlimited
[Licensing::Module] License group:
  Id: 2476475-UnityPersXXXX
  Product: Unity Personal
  Type: Assigned
  Expiration: Unlimited
Register platform support module: C:/Program Files/Unity/Hub/Editor/6000.3.6f1/Editor/Data/PlaybackEngines/AndroidPlayer/UnityEditor.Android.Extensions.dll
Registered in 0.098235 seconds.
- Loaded All Assemblies, in  0.402 seconds
Native extension for Android target not found
Android Extension - Scanning For ADB Devices 143 ms
Native extension for WindowsStandalone target not found
Native extension for WebGL target not found
ScheduleIndexationOnStartup MainProcess:False IndexOnStartup:True
Mono: successfully reloaded assembly
- Finished resetting the current domain, in  0.474 seconds
Domain Reload Profiling: 876ms
	BeginReloadAssembly (109ms)
		ExecutionOrderSort (0ms)
		DisableScriptedObjects (0ms)
		BackupInstance (0ms)
		ReleaseScriptingObjects (0ms)
		CreateAndSetChildDomain (1ms)
	RebuildCommonClasses (30ms)
	RebuildNativeTypeToScriptingClass (12ms)
	initialDomainReloadingComplete (130ms)
	LoadAllAssembliesAndSetupDomain (120ms)
		LoadAssemblies (106ms)
		RebuildTransferFunctionScriptingTraits (0ms)
		AnalyzeDomain (118ms)
			TypeCache.Refresh (116ms)
				TypeCache.ScanAssembly (106ms)
			BuildScriptInfoCaches (0ms)
			ResolveRequiredComponents (0ms)
	FinalizeReload (475ms)
		ReleaseScriptCaches (0ms)
		RebuildScriptCaches (0ms)
		SetupLoadedEditorAssemblies (446ms)
			LogAssemblyErrors (0ms)
			InitializePlatformSupportModulesInManaged (215ms)
			SetLoadedEditorAssemblies (4ms)
			BeforeProcessingInitializeOnLoad (65ms)
			ProcessInitializeOnLoadAttributes (107ms)
			ProcessInitializeOnLoadMethodAttributes (54ms)
			AfterProcessingInitializeOnLoad (0ms)
			EditorAssembliesLoaded (0ms)
		ExecutionOrderSort2 (0ms)
		AwakeInstancesAfterBackupRestoration (0ms)
========================================================================
Worker process is ready to serve import requests
Import Worker Mode flag is 0x00
Begin MonoManager ReloadAssembly
[Licensing::Client] Successfully resolved entitlement details
[Licensing::Module] License group:
  Id: F4-AUWP-G4KN-QJ7R-NX3V-XXXX
  Product: Unity Personal
  Type: ULF
  Expiration: Unlimited
[Licensing::Module] License group:
  Id: 2476475-UnityPersXXXX
  Product: Unity Personal
  Type: Assigned
  Expiration: Unlimited
Symbol file LoadedFromMemory is not a mono symbol file
- Loaded All Assemblies, in  0.503 seconds
Refreshing native plugins compatible for Editor in 0.40 ms, found 0 plugins.
Native extension for Android target not found
Native extension for WindowsStandalone target not found
Native extension for WebGL target not found
Package Manager log level set to [2]
[Package Manager] Failed to launch server process. Reason: Unity was launched with the -noUpm command-line argument
[Package Manager] Unable to send message (not connected to server process).
[Package Manager] Cannot connect to Unity Package Manager local server
[MODES] ModeService[none].Initialize
[MODES] ModeService[none].LoadModes
[MODES] Loading mode Default (0) for mode-current-id-RoZoSho
ScheduleIndexationOnStartup MainProcess:False IndexOnStartup:True
Mono: successfully reloaded assembly
- Finished resetting the current domain, in  0.643 seconds
Domain Reload Profiling: 1145ms
	BeginReloadAssembly (119ms)
		ExecutionOrderSort (0ms)
		DisableScriptedObjects (4ms)
		BackupInstance (0ms)
		ReleaseScriptingObjects (0ms)
		CreateAndSetChildDomain (23ms)
	RebuildCommonClasses (24ms)
	RebuildNativeTypeToScriptingClass (9ms)
	initialDomainReloadingComplete (25ms)
	LoadAllAssembliesAndSetupDomain (325ms)
		LoadAssemblies (255ms)
		RebuildTransferFunctionScriptingTraits (0ms)
		AnalyzeDomain (134ms)
			TypeCache.Refresh (102ms)
				TypeCache.ScanAssembly (89ms)
			BuildScriptInfoCaches (26ms)
			ResolveRequiredComponents (3ms)
	FinalizeReload (643ms)
		ReleaseScriptCaches (0ms)
		RebuildScriptCaches (0ms)
		SetupLoadedEditorAssemblies (558ms)
			LogAssemblyErrors (0ms)
			InitializePlatformSupportModulesInManaged (8ms)
			SetLoadedEditorAssemblies (4ms)
			BeforeProcessingInitializeOnLoad (112ms)
			ProcessInitializeOnLoadAttributes (201ms)
			ProcessInitializeOnLoadMethodAttributes (231ms)
			AfterProcessingInitializeOnLoad (2ms)
			EditorAssembliesLoaded (0ms)
		ExecutionOrderSort2 (0ms)
		AwakeInstancesAfterBackupRestoration (3ms)
Launched and connected shader compiler UnityShaderCompiler.exe after 0.01 seconds
Refreshing native plugins compatible for Editor in 0.26 ms, found 0 plugins.
Preloading 0 native plugins for Editor in 0.00 ms.
Unloading 30 Unused Serialized files (Serialized files now loaded: 0)
Unloading 4137 unused Assets / (4.9 MB). Loaded Objects now: 4812.
Memory consumption went from 116.2 MB to 111.2 MB.
Total: 14.593400 ms (FindLiveObjects: 0.306100 ms CreateObjectMapping: 0.131800 ms MarkObjects: 13.056900 ms  DeleteObjects: 1.097400 ms)

========================================================================
Received Import Request.
  Time since last request: 790288.411496 seconds.
  path: Assets/Plugins/Sirenix/Odin Inspector/Config/Editor/OdinModuleConfig.asset
  artifactKey: Guid(89445e7cd76690841875ce07f7f5f8f2) Importer(2089858483,b0f066a214c2f5e87bad3c948f4d605d)
Start importing Assets/Plugins/Sirenix/Odin Inspector/Config/Editor/OdinModuleConfig.asset using Guid(89445e7cd76690841875ce07f7f5f8f2) Importer(2089858483,b0f066a214c2f5e87bad3c948f4d605d) (ScriptedImporter) -> (artifact id: '0104cc1c6e5f3e7eb29bd08a4ffa493d') in 0.0571474 seconds
Number of updated asset objects reloaded before import = 0Number of asset objects unloaded after import = 1

========================================================================
Received Import Request.
  Time since last request: 0.000022 seconds.
  path: Assets/Plugins/Kubacho/vFolders/VFoldersMenuItems.cs
  artifactKey: Guid(ec6d8bc24e3ec4cb6b055630a6425686) Importer(2089858483,b0f066a214c2f5e87bad3c948f4d605d)
Start importing Assets/Plugins/Kubacho/vFolders/VFoldersMenuItems.cs using Guid(ec6d8bc24e3ec4cb6b055630a6425686) Importer(2089858483,b0f066a214c2f5e87bad3c948f4d605d) (ScriptedImporter) -> (artifact id: '5cc48ec9cf223e8ab482daf4d283de0c') in 0.0159963 seconds
Number of updated asset objects reloaded before import = 0Number of asset objects unloaded after import = 0

========================================================================
Received Import Request.
  Time since last request: 0.000039 seconds.
  path: Assets/Plugins/Kubacho/vInspector/VInspector.asmdef
  artifactKey: Guid(de13f8b1675b449e6a6af1cc0f7842ec) Importer(2089858483,b0f066a214c2f5e87bad3c948f4d605d)
Start importing Assets/Plugins/Kubacho/vInspector/VInspector.asmdef using Guid(de13f8b1675b449e6a6af1cc0f7842ec) Importer(2089858483,b0f066a214c2f5e87bad3c948f4d605d) (ScriptedImporter) -> (artifact id: '5a2969370f07c0592f80531f2b199cef') in 0.0128934 seconds
Number of updated asset objects reloaded before import = 0Number of asset objects unloaded after import = 1

========================================================================
Received Import Request.
  Time since last request: 0.000011 seconds.
  path: Assets/Plugins/Sirenix/Odin Inspector/Modules/Unity.Mathematics/Sirenix.OdinInspector.Modules.UnityMathematics.asmdef
  artifactKey: Guid(ad968d605628d06499b62cdc30f11cf8) Importer(2089858483,b0f066a214c2f5e87bad3c948f4d605d)
Start importing Assets/Plugins/Sirenix/Odin Inspector/Modules/Unity.Mathematics/Sirenix.OdinInspector.Modules.UnityMathematics.asmdef using Guid(ad968d605628d06499b62cdc30f11cf8) Importer(2089858483,b0f066a214c2f5e87bad3c948f4d605d) (ScriptedImporter) -> (artifact id: 'c578b7758a6dc0d36b4105270b16fcac') in 0.0105406 seconds
Number of updated asset objects reloaded before import = 0Number of asset objects unloaded after import = 1

========================================================================
Received Import Request.
  Time since last request: 0.000019 seconds.
  path: Assets/Plugins/Kubacho/vFavorites/Manual.pdf
  artifactKey: Guid(842468ccf23564770b4b1cb9f7eca30e) Importer(2089858483,b0f066a214c2f5e87bad3c948f4d605d)
Start importing Assets/Plugins/Kubacho/vFavorites/Manual.pdf using Guid(842468ccf23564770b4b1cb9f7eca30e) Importer(2089858483,b0f066a214c2f5e87bad3c948f4d605d) (ScriptedImporter) -> (artifact id: '5d24231ffab2907755f507a684621c9e') in 0.0102468 seconds
Number of updated asset objects reloaded before import = 0Number of asset objects unloaded after import = 1

========================================================================
Received Import Request.
  Time since last request: 0.000036 seconds.
  path: Assets/Plugins/Kubacho/vInspector/VInspectorLibs.cs
  artifactKey: Guid(077bd88e5e3a2421b8bd152c5b813ea2) Importer(2089858483,b0f066a214c2f5e87bad3c948f4d605d)
Start importing Assets/Plugins/Kubacho/vInspector/VInspectorLibs.cs using Guid(077bd88e5e3a2421b8bd152c5b813ea2) Importer(2089858483,b0f066a214c2f5e87bad3c948f4d605d) (ScriptedImporter) -> (artifact id: '592c66778e2afc98284740d1cb1aee20') in 0.0117698 seconds
Number of updated asset objects reloaded before import = 0Number of asset objects unloaded after import = 0

========================================================================
Received Import Request.
  Time since last request: 0.000032 seconds.
  path: Assets/Shared/Materials/MatRedChecker.mat
  artifactKey: Guid(68cf8782064ce154ba845b35cd66415d) Importer(2089858483,b0f066a214c2f5e87bad3c948f4d605d)
Start importing Assets/Shared/Materials/MatRedChecker.mat using Guid(68cf8782064ce154ba845b35cd66415d) Importer(2089858483,b0f066a214c2f5e87bad3c948f4d605d) (ScriptedImporter) -> (artifact id: 'd3e4b21a46a9617b0c6497e1464c3fac') in 0.0218933 seconds
Number of updated asset objects reloaded before import = 0Number of asset objects unloaded after import = 1

========================================================================
Received Import Request.
  Time since last request: 0.000013 seconds.
  path: Assets/Shared/Materials/MatGreen.mat
  artifactKey: Guid(14a301e4345ba7b49a44c58ef71bb754) Importer(2089858483,b0f066a214c2f5e87bad3c948f4d605d)
Start importing Assets/Shared/Materials/MatGreen.mat using Guid(14a301e4345ba7b49a44c58ef71bb754) Importer(2089858483,b0f066a214c2f5e87bad3c948f4d605d) (ScriptedImporter) -> (artifact id: '1a3b9550c601dab34077183923826ae9') in 0.010379 seconds
Number of updated asset objects reloaded before import = 0Number of asset objects unloaded after import = 1

========================================================================
Received Import Request.
  Time since last request: 0.000013 seconds.
  path: Assets/Plugins/Kubacho/vFolders/VFoldersGUI.cs
  artifactKey: Guid(0743ead56bea942af9c21d27c5c45b62) Importer(2089858483,b0f066a214c2f5e87bad3c948f4d605d)
Start importing Assets/Plugins/Kubacho/vFolders/VFoldersGUI.cs using Guid(0743ead56bea942af9c21d27c5c45b62) Importer(2089858483,b0f066a214c2f5e87bad3c948f4d605d) (ScriptedImporter) -> (artifact id: '044544d435734407b90e0685299bf0ec') in 0.0109707 seconds
Number of updated asset objects reloaded before import = 0Number of asset objects unloaded after import = 0

========================================================================
Received Import Request.
  Time since last request: 0.000062 seconds.
  path: Assets/Shared/Materials/MatDarkGrayChecker.mat
  artifactKey: Guid(12b28058739ab18438ef99454f7671d0) Importer(2089858483,b0f066a214c2f5e87bad3c948f4d605d)
Start importing Assets/Shared/Materials/MatDarkGrayChecker.mat using Guid(12b28058739ab18438ef99454f7671d0) Importer(2089858483,b0f066a214c2f5e87bad3c948f4d605d) (ScriptedImporter) -> (artifact id: '7b89b601f64a4cf6a6b2712ec932a7c1') in 0.0123871 seconds
Number of updated asset objects reloaded before import = 0Number of asset objects unloaded after import = 1

========================================================================
Received Import Request.
  Time since last request: 0.000029 seconds.
  path: Assets/Plugins/Kubacho/vFolders/VFoldersData.cs
  artifactKey: Guid(adb9c12a8c6c949f7af83a3d238359d0) Importer(2089858483,b0f066a214c2f5e87bad3c948f4d605d)
Start importing Assets/Plugins/Kubacho/vFolders/VFoldersData.cs using Guid(adb9c12a8c6c949f7af83a3d238359d0) Importer(2089858483,b0f066a214c2f5e87bad3c948f4d605d) (ScriptedImporter) -> (artifact id: '5d26bef9245026032d51874e12a11c9b') in 0.0116062 seconds
Number of updated asset objects reloaded before import = 0Number of asset objects unloaded after import = 0

========================================================================
Received Import Request.
  Time since last request: 0.000040 seconds.
  path: Assets/Plugins/Kubacho/vFolders/VFoldersLibs.cs
  artifactKey: Guid(d2528d4639fe84d44bfdfde62c65dc86) Importer(2089858483,b0f066a214c2f5e87bad3c948f4d605d)
Start importing Assets/Plugins/Kubacho/vFolders/VFoldersLibs.cs using Guid(d2528d4639fe84d44bfdfde62c65dc86) Importer(2089858483,b0f066a214c2f5e87bad3c948f4d605d) (ScriptedImporter) -> (artifact id: 'd2ad2dadabbdf2cc7febd23aea4b4e37') in 0.0120148 seconds
Number of updated asset objects reloaded before import = 0Number of asset objects unloaded after import = 0

========================================================================
Received Import Request.
  Time since last request: 0.000014 seconds.
  path: Assets/Plugins/Kubacho/vFavorites/VFavoritesLibs.cs
  artifactKey: Guid(38092f82a4c054086826261d88277942) Importer(2089858483,b0f066a214c2f5e87bad3c948f4d605d)
Start importing Assets/Plugins/Kubacho/vFavorites/VFavoritesLibs.cs using Guid(38092f82a4c054086826261d88277942) Importer(2089858483,b0f066a214c2f5e87bad3c948f4d605d) (ScriptedImporter) -> (artifact id: 'ea56dbff0b694dc59630d0ccca805d41') in 0.0119929 seconds
Number of updated asset objects reloaded before import = 0Number of asset objects unloaded after import = 0

========================================================================
Received Import Request.
  Time since last request: 0.000024 seconds.
  path: Assets/Plugins/Kubacho/vFavorites/VFavoritesMenuItems.cs
  artifactKey: Guid(e1b1b30cd63e14da9a295742be768842) Importer(2089858483,b0f066a214c2f5e87bad3c948f4d605d)
Start importing Assets/Plugins/Kubacho/vFavorites/VFavoritesMenuItems.cs using Guid(e1b1b30cd63e14da9a295742be768842) Importer(2089858483,b0f066a214c2f5e87bad3c948f4d605d) (ScriptedImporter) -> (artifact id: 'b7ea96c552ee467ed7addcd19f8ce2d5') in 0.0114373 seconds
Number of updated asset objects reloaded before import = 0Number of asset objects unloaded after import = 0

========================================================================
Received Import Request.
  Time since last request: 0.000032 seconds.
  path: Assets/Shared/Materials/MatBrownChecker.mat
  artifactKey: Guid(83fb075e083ad414bb58307f02ba597a) Importer(2089858483,b0f066a214c2f5e87bad3c948f4d605d)
Start importing Assets/Shared/Materials/MatBrownChecker.mat using Guid(83fb075e083ad414bb58307f02ba597a) Importer(2089858483,b0f066a214c2f5e87bad3c948f4d605d) (ScriptedImporter) -> (artifact id: '25c1e9722bce2720097e9f433129f45d') in 0.0110954 seconds
Number of updated asset objects reloaded before import = 0Number of asset objects unloaded after import = 1

========================================================================
Received Import Request.
  Time since last request: 0.000014 seconds.
  path: Assets/Plugins/Sirenix/Odin Inspector/Config/Editor/TypeRegistryUserConfig.asset
  artifactKey: Guid(248ae131f422eee4c866c8ad1ce75ce1) Importer(2089858483,b0f066a214c2f5e87bad3c948f4d605d)
Start importing Assets/Plugins/Sirenix/Odin Inspector/Config/Editor/TypeRegistryUserConfig.asset using Guid(248ae131f422eee4c866c8ad1ce75ce1) Importer(2089858483,b0f066a214c2f5e87bad3c948f4d605d) (ScriptedImporter) -> (artifact id: '30a95eccc82fcf0932514ec072120613') in 0.0146425 seconds
Number of updated asset objects reloaded before import = 0Number of asset objects unloaded after import = 1

========================================================================
Received Import Request.
  Time since last request: 0.000026 seconds.
  path: Assets/Plugins/Kubacho/vInspector/VInspectorData.cs
  artifactKey: Guid(b7915df4cd4da490ab52fc8fa9ee9127) Importer(2089858483,b0f066a214c2f5e87bad3c948f4d605d)
Start importing Assets/Plugins/Kubacho/vInspector/VInspectorData.cs using Guid(b7915df4cd4da490ab52fc8fa9ee9127) Importer(2089858483,b0f066a214c2f5e87bad3c948f4d605d) (ScriptedImporter) -> (artifact id: '4d75c0748369f6c37d8f2230506771ad') in 0.009921 seconds
Number of updated asset objects reloaded before import = 0Number of asset objects unloaded after import = 0

========================================================================
Received Import Request.
  Time since last request: 0.000048 seconds.
  path: Assets/Plugins/Kubacho/vFolders/VFolders.cs
  artifactKey: Guid(cb4ae53db31ef4fdfbfc47484afb8192) Importer(2089858483,b0f066a214c2f5e87bad3c948f4d605d)
Start importing Assets/Plugins/Kubacho/vFolders/VFolders.cs using Guid(cb4ae53db31ef4fdfbfc47484afb8192) Importer(2089858483,b0f066a214c2f5e87bad3c948f4d605d) (ScriptedImporter) -> (artifact id: '0846b7dee4ba26ce1469f564373b6596') in 0.0099537 seconds
Number of updated asset objects reloaded before import = 0Number of asset objects unloaded after import = 0

========================================================================
Received Import Request.
  Time since last request: 0.000036 seconds.
  path: Assets/Plugins/Kubacho/vFolders/Read me.pdf
  artifactKey: Guid(6c1da0cc833e64f4c96ba170387ea7a6) Importer(2089858483,b0f066a214c2f5e87bad3c948f4d605d)
Start importing Assets/Plugins/Kubacho/vFolders/Read me.pdf using Guid(6c1da0cc833e64f4c96ba170387ea7a6) Importer(2089858483,b0f066a214c2f5e87bad3c948f4d605d) (ScriptedImporter) -> (artifact id: 'cc681600208ad279343de22c32f46a8c') in 0.0112458 seconds
Number of updated asset objects reloaded before import = 0Number of asset objects unloaded after import = 1

========================================================================
Received Import Request.
  Time since last request: 0.000017 seconds.
  path: Assets/Plugins/Kubacho/vFavorites/VFavorites.asmdef
  artifactKey: Guid(d8266c7db84a045d3b706b23e60aa197) Importer(2089858483,b0f066a214c2f5e87bad3c948f4d605d)
Start importing Assets/Plugins/Kubacho/vFavorites/VFavorites.asmdef using Guid(d8266c7db84a045d3b706b23e60aa197) Importer(2089858483,b0f066a214c2f5e87bad3c948f4d605d) (ScriptedImporter) -> (artifact id: 'd276d8764dd7ba6754bab1b5377bf63f') in 0.0112243 seconds
Number of updated asset objects reloaded before import = 0Number of asset objects unloaded after import = 1

========================================================================
Received Import Request.
  Time since last request: 0.000013 seconds.
  path: Assets/Plugins/Sirenix/Odin Inspector/Modules/Unity.Mathematics/MathematicsDrawers.cs
  artifactKey: Guid(74718b273a32d874a9dc3c58269c36b3) Importer(2089858483,b0f066a214c2f5e87bad3c948f4d605d)
Start importing Assets/Plugins/Sirenix/Odin Inspector/Modules/Unity.Mathematics/MathematicsDrawers.cs using Guid(74718b273a32d874a9dc3c58269c36b3) Importer(2089858483,b0f066a214c2f5e87bad3c948f4d605d) (ScriptedImporter) -> (artifact id: 'c07c3acf261b45fab6318af051336dba') in 0.0112246 seconds
Number of updated asset objects reloaded before import = 0Number of asset objects unloaded after import = 0

========================================================================
Received Import Request.
  Time since last request: 0.000013 seconds.
  path: Assets/Plugins/Kubacho/vFolders/vFolders Data.asset
  artifactKey: Guid(c4dcbfb4656a7f241b8d40218c8de2b6) Importer(2089858483,b0f066a214c2f5e87bad3c948f4d605d)
Start importing Assets/Plugins/Kubacho/vFolders/vFolders Data.asset using Guid(c4dcbfb4656a7f241b8d40218c8de2b6) Importer(2089858483,b0f066a214c2f5e87bad3c948f4d605d) (ScriptedImporter) -> (artifact id: '25d2cad63099d40b9c5700527996fa12') in 0.0125705 seconds
Number of updated asset objects reloaded before import = 0Number of asset objects unloaded after import = 1

========================================================================
Received Import Request.
  Time since last request: 0.000013 seconds.
  path: Assets/Plugins/Kubacho/vHierarchy/VHierarchyDataComponent.cs
  artifactKey: Guid(9e20c7ea1a24b4a899ba82e98ad2b375) Importer(2089858483,b0f066a214c2f5e87bad3c948f4d605d)
Start importing Assets/Plugins/Kubacho/vHierarchy/VHierarchyDataComponent.cs using Guid(9e20c7ea1a24b4a899ba82e98ad2b375) Importer(2089858483,b0f066a214c2f5e87bad3c948f4d605d) (ScriptedImporter) -> (artifact id: '66c57da899cdd7135f996dcb92fe1ffb') in 0.012191 seconds
Number of updated asset objects reloaded before import = 0Number of asset objects unloaded after import = 0

========================================================================
Received Import Request.
  Time since last request: 0.000014 seconds.
  path: Assets/Plugins/Kubacho/vTabs/VTabs.asmdef
  artifactKey: Guid(06ab1c341392b4a318f67b84e0da6aab) Importer(2089858483,b0f066a214c2f5e87bad3c948f4d605d)
Start importing Assets/Plugins/Kubacho/vTabs/VTabs.asmdef using Guid(06ab1c341392b4a318f67b84e0da6aab) Importer(2089858483,b0f066a214c2f5e87bad3c948f4d605d) (ScriptedImporter) -> (artifact id: 'a989b3ac0eb5e9421688ef1c96cc6fe2') in 0.01045 seconds
Number of updated asset objects reloaded before import = 0Number of asset objects unloaded after import = 1

========================================================================
Received Import Request.
  Time since last request: 0.000016 seconds.
  path: Assets/Plugins/Kubacho/vFolders/VFoldersNavbar.cs
  artifactKey: Guid(30acd0784e948403f8f15047ab22692c) Importer(2089858483,b0f066a214c2f5e87bad3c948f4d605d)
Start importing Assets/Plugins/Kubacho/vFolders/VFoldersNavbar.cs using Guid(30acd0784e948403f8f15047ab22692c) Importer(2089858483,b0f066a214c2f5e87bad3c948f4d605d) (ScriptedImporter) -> (artifact id: '4c5158fe90086a27f03dd40d17ff0014') in 0.0129258 seconds
Number of updated asset objects reloaded before import = 0Number of asset objects unloaded after import = 0

========================================================================
Received Import Request.
  Time since last request: 0.000013 seconds.
  path: Assets/Shared/Materials/MatBlueChecker.mat
  artifactKey: Guid(312893457228b37469740e0486b6ab39) Importer(2089858483,b0f066a214c2f5e87bad3c948f4d605d)
Start importing Assets/Shared/Materials/MatBlueChecker.mat using Guid(312893457228b37469740e0486b6ab39) Importer(2089858483,b0f066a214c2f5e87bad3c948f4d605d) (ScriptedImporter) -> (artifact id: '6c16c3a5b797cee066ae234115e62664') in 0.0121779 seconds
Number of updated asset objects reloaded before import = 0Number of asset objects unloaded after import = 1

========================================================================
Received Import Request.
  Time since last request: 0.000012 seconds.
  path: Assets/Plugins/Sirenix/Odin Inspector/Modules/Unity.Mathematics
  artifactKey: Guid(193617985bbce3e439c5f407ae37cc95) Importer(2089858483,b0f066a214c2f5e87bad3c948f4d605d)
Start importing Assets/Plugins/Sirenix/Odin Inspector/Modules/Unity.Mathematics using Guid(193617985bbce3e439c5f407ae37cc95) Importer(2089858483,b0f066a214c2f5e87bad3c948f4d605d) (ScriptedImporter) -> (artifact id: '049289103b86f89e78ba4d8c37eac51f') in 0.0133751 seconds
Number of updated asset objects reloaded before import = 0Number of asset objects unloaded after import = 1

========================================================================
Received Import Request.
  Time since last request: 0.000191 seconds.
  path: Assets/Shared/Materials/MatWhiteChecker.mat
  artifactKey: Guid(4936e771cf5283f48b69f16bbde18b04) Importer(2089858483,b0f066a214c2f5e87bad3c948f4d605d)
Start importing Assets/Shared/Materials/MatWhiteChecker.mat using Guid(4936e771cf5283f48b69f16bbde18b04) Importer(2089858483,b0f066a214c2f5e87bad3c948f4d605d) (ScriptedImporter) -> (artifact id: 'dd3920398ecf5cf5403385be178fcf96') in 0.0218888 seconds
Number of updated asset objects reloaded before import = 0Number of asset objects unloaded after import = 1

========================================================================
Received Import Request.
  Time since last request: 0.000014 seconds.
  path: Assets/Plugins/Kubacho/vHierarchy/VHierarchy.cs
  artifactKey: Guid(67e949be20d3641adbc9494ed5bd764e) Importer(2089858483,b0f066a214c2f5e87bad3c948f4d605d)
Start importing Assets/Plugins/Kubacho/vHierarchy/VHierarchy.cs using Guid(67e949be20d3641adbc9494ed5bd764e) Importer(2089858483,b0f066a214c2f5e87bad3c948f4d605d) (ScriptedImporter) -> (artifact id: '637e9250ee5468ae42fa461efda0201d') in 0.0234336 seconds
Number of updated asset objects reloaded before import = 0Number of asset objects unloaded after import = 0

========================================================================
Received Import Request.
  Time since last request: 0.000080 seconds.
  path: Assets/Plugins/Kubacho/vInspector/VInspectorSelectionHistory.cs
  artifactKey: Guid(76c5ee368a46a4167b845f6db32ad060) Importer(2089858483,b0f066a214c2f5e87bad3c948f4d605d)
Start importing Assets/Plugins/Kubacho/vInspector/VInspectorSelectionHistory.cs using Guid(76c5ee368a46a4167b845f6db32ad060) Importer(2089858483,b0f066a214c2f5e87bad3c948f4d605d) (ScriptedImporter) -> (artifact id: '4fb755aa6f4ef82bc3c2e912e1d7b93f') in 0.0122416 seconds
Number of updated asset objects reloaded before import = 0Number of asset objects unloaded after import = 0

========================================================================
Received Import Request.
  Time since last request: 0.000063 seconds.
  path: Assets/Plugins/Kubacho/vHierarchy/VHierarchyMenu.cs
  artifactKey: Guid(4d7f0448bdeda4aad9cfdd9e7c7ee27f) Importer(2089858483,b0f066a214c2f5e87bad3c948f4d605d)
Start importing Assets/Plugins/Kubacho/vHierarchy/VHierarchyMenu.cs using Guid(4d7f0448bdeda4aad9cfdd9e7c7ee27f) Importer(2089858483,b0f066a214c2f5e87bad3c948f4d605d) (ScriptedImporter) -> (artifact id: '7b0361503237b7bfe9d3568800a6dadf') in 0.012097 seconds
Number of updated asset objects reloaded before import = 0Number of asset objects unloaded after import = 0

========================================================================
Received Import Request.
  Time since last request: 0.000034 seconds.
  path: Assets/Plugins/Kubacho/vInspector/VInspectorAttributes.cs
  artifactKey: Guid(c8d83838ee14b4445a0abac264bf08d8) Importer(2089858483,b0f066a214c2f5e87bad3c948f4d605d)
Start importing Assets/Plugins/Kubacho/vInspector/VInspectorAttributes.cs using Guid(c8d83838ee14b4445a0abac264bf08d8) Importer(2089858483,b0f066a214c2f5e87bad3c948f4d605d) (ScriptedImporter) -> (artifact id: 'a42b55d9d1b5d75bc3321227db239220') in 0.0116201 seconds
Number of updated asset objects reloaded before import = 0Number of asset objects unloaded after import = 0

========================================================================
Received Import Request.
  Time since last request: 0.000013 seconds.
  path: Assets/Plugins/Kubacho/vFolders/VFoldersCache.cs
  artifactKey: Guid(69c14c9fceb5b4c968f55fe5786a0bee) Importer(2089858483,b0f066a214c2f5e87bad3c948f4d605d)
Start importing Assets/Plugins/Kubacho/vFolders/VFoldersCache.cs using Guid(69c14c9fceb5b4c968f55fe5786a0bee) Importer(2089858483,b0f066a214c2f5e87bad3c948f4d605d) (ScriptedImporter) -> (artifact id: '2e7b3ef92bd0bac24123fc0cb1163126') in 0.0105936 seconds
Number of updated asset objects reloaded before import = 0Number of asset objects unloaded after import = 0

========================================================================
Received Import Request.
  Time since last request: 0.000013 seconds.
  path: Assets/Plugins/Kubacho/vHierarchy/VHierarchyPalette.cs
  artifactKey: Guid(61290d425f1c94a8cbfb56f754ca6757) Importer(2089858483,b0f066a214c2f5e87bad3c948f4d605d)
Start importing Assets/Plugins/Kubacho/vHierarchy/VHierarchyPalette.cs using Guid(61290d425f1c94a8cbfb56f754ca6757) Importer(2089858483,b0f066a214c2f5e87bad3c948f4d605d) (ScriptedImporter) -> (artifact id: '74d50c7a4aec3813560ec59ba9a327ce') in 0.010544 seconds
Number of updated asset objects reloaded before import = 0Number of asset objects unloaded after import = 0

========================================================================
Received Import Request.
  Time since last request: 0.000012 seconds.
  path: Assets/Plugins/Kubacho/vHierarchy/VHierarchyComponentWindow.cs
  artifactKey: Guid(4b48d49a631ab443990f28938cbdedb8) Importer(2089858483,b0f066a214c2f5e87bad3c948f4d605d)
Start importing Assets/Plugins/Kubacho/vHierarchy/VHierarchyComponentWindow.cs using Guid(4b48d49a631ab443990f28938cbdedb8) Importer(2089858483,b0f066a214c2f5e87bad3c948f4d605d) (ScriptedImporter) -> (artifact id: '5d5cb0bb374f36b42dbaf36a1e8681ef') in 0.0120268 seconds
Number of updated asset objects reloaded before import = 0Number of asset objects unloaded after import = 0

========================================================================
Received Import Request.
  Time since last request: 0.000014 seconds.
  path: Assets/Plugins/Kubacho/vFolders/VFoldersPaletteWindow.cs
  artifactKey: Guid(68011e63381a84f3bacee6e5ee9e0b82) Importer(2089858483,b0f066a214c2f5e87bad3c948f4d605d)
Start importing Assets/Plugins/Kubacho/vFolders/VFoldersPaletteWindow.cs using Guid(68011e63381a84f3bacee6e5ee9e0b82) Importer(2089858483,b0f066a214c2f5e87bad3c948f4d605d) (ScriptedImporter) -> (artifact id: 'f025c5edb4e9b2d761d407b4c6056ea0') in 0.0113718 seconds
Number of updated asset objects reloaded before import = 0Number of asset objects unloaded after import = 0

========================================================================
Received Import Request.
  Time since last request: 0.000013 seconds.
  path: Assets/Plugins/Kubacho/vTabs/Read me.pdf
  artifactKey: Guid(01fbcccbc9a1a44c2bf42479f17dfb69) Importer(2089858483,b0f066a214c2f5e87bad3c948f4d605d)
Start importing Assets/Plugins/Kubacho/vTabs/Read me.pdf using Guid(01fbcccbc9a1a44c2bf42479f17dfb69) Importer(2089858483,b0f066a214c2f5e87bad3c948f4d605d) (ScriptedImporter) -> (artifact id: '1e52940b7e89262ef1a3c597965eb2f6') in 0.0112104 seconds
Number of updated asset objects reloaded before import = 0Number of asset objects unloaded after import = 1

========================================================================
Received Import Request.
  Time since last request: 0.000012 seconds.
  path: Assets/Plugins/Kubacho/vFavorites
  artifactKey: Guid(d454140e53231466b8d485f9ff487b2e) Importer(2089858483,b0f066a214c2f5e87bad3c948f4d605d)
Start importing Assets/Plugins/Kubacho/vFavorites using Guid(d454140e53231466b8d485f9ff487b2e) Importer(2089858483,b0f066a214c2f5e87bad3c948f4d605d) (ScriptedImporter) -> (artifact id: '9c798c8ba81cc4f288786a0ce4937c6c') in 0.0100938 seconds
Number of updated asset objects reloaded before import = 0Number of asset objects unloaded after import = 1

========================================================================
Received Import Request.
  Time since last request: 0.000027 seconds.
  path: Assets/Plugins/Kubacho/vHierarchy/VHierarchyMenuItems.cs
  artifactKey: Guid(9ddf1decb62f94768bcaec3173017c87) Importer(2089858483,b0f066a214c2f5e87bad3c948f4d605d)
Start importing Assets/Plugins/Kubacho/vHierarchy/VHierarchyMenuItems.cs using Guid(9ddf1decb62f94768bcaec3173017c87) Importer(2089858483,b0f066a214c2f5e87bad3c948f4d605d) (ScriptedImporter) -> (artifact id: '9b99a05a660e20d86b6e9d0cf518bcb2') in 0.0117364 seconds
Number of updated asset objects reloaded before import = 0Number of asset objects unloaded after import = 0

========================================================================
Received Import Request.
  Time since last request: 0.000039 seconds.
  path: Assets/Plugins/Kubacho/vHierarchy/VHierarchyController.cs
  artifactKey: Guid(3513d7b44a8b94c8d800e841067bf035) Importer(2089858483,b0f066a214c2f5e87bad3c948f4d605d)
Start importing Assets/Plugins/Kubacho/vHierarchy/VHierarchyController.cs using Guid(3513d7b44a8b94c8d800e841067bf035) Importer(2089858483,b0f066a214c2f5e87bad3c948f4d605d) (ScriptedImporter) -> (artifact id: '9187bd62354ff55aaa417b8ecaa7a312') in 0.0112364 seconds
Number of updated asset objects reloaded before import = 0Number of asset objects unloaded after import = 0

========================================================================
Received Import Request.
  Time since last request: 0.000025 seconds.
  path: Assets/Shared/Materials/MatRed.mat
  artifactKey: Guid(a8909a972c87aa34c9fea6a1af18f6c3) Importer(2089858483,b0f066a214c2f5e87bad3c948f4d605d)
Start importing Assets/Shared/Materials/MatRed.mat using Guid(a8909a972c87aa34c9fea6a1af18f6c3) Importer(2089858483,b0f066a214c2f5e87bad3c948f4d605d) (ScriptedImporter) -> (artifact id: 'c2b29c625ea307497cf90c6416465e5a') in 0.0110194 seconds
Number of updated asset objects reloaded before import = 0Number of asset objects unloaded after import = 1

========================================================================
Received Import Request.
  Time since last request: 0.000029 seconds.
  path: Assets/Plugins/Kubacho/vTabs/VTabsMenu.cs
  artifactKey: Guid(3cf48ada98a1147c4881faf7b79475e6) Importer(2089858483,b0f066a214c2f5e87bad3c948f4d605d)
Start importing Assets/Plugins/Kubacho/vTabs/VTabsMenu.cs using Guid(3cf48ada98a1147c4881faf7b79475e6) Importer(2089858483,b0f066a214c2f5e87bad3c948f4d605d) (ScriptedImporter) -> (artifact id: 'dadfdea972b4a348c3835bc8d8f0c4d4') in 0.0123663 seconds
Number of updated asset objects reloaded before import = 0Number of asset objects unloaded after import = 0

========================================================================
Received Import Request.
  Time since last request: 0.000041 seconds.
  path: Assets/ProCore/ProBuilderData
  artifactKey: Guid(d63b41d5d82555445ad31ee6076e0387) Importer(2089858483,b0f066a214c2f5e87bad3c948f4d605d)
Start importing Assets/ProCore/ProBuilderData using Guid(d63b41d5d82555445ad31ee6076e0387) Importer(2089858483,b0f066a214c2f5e87bad3c948f4d605d) (ScriptedImporter) -> (artifact id: 'f734e68069284955e758add5ab81c84d') in 0.0111934 seconds
Number of updated asset objects reloaded before import = 0Number of asset objects unloaded after import = 1

========================================================================
Received Import Request.
  Time since last request: 0.000030 seconds.
  path: Assets/Plugins/Kubacho/vFavorites/vFavorites Data.asset
  artifactKey: Guid(39d0979fbdd413a429421e30a357d70b) Importer(2089858483,b0f066a214c2f5e87bad3c948f4d605d)
Start importing Assets/Plugins/Kubacho/vFavorites/vFavorites Data.asset using Guid(39d0979fbdd413a429421e30a357d70b) Importer(2089858483,b0f066a214c2f5e87bad3c948f4d605d) (ScriptedImporter) -> (artifact id: '9ad71a75b5f9a7d81da9f25009e27381') in 0.0192593 seconds
Number of updated asset objects reloaded before import = 0Number of asset objects unloaded after import = 1

========================================================================
Received Import Request.
  Time since last request: 0.000025 seconds.
  path: Assets/ProCore/ProBuilder
  artifactKey: Guid(40b5086cd6bf13045a084f46a147b018) Importer(2089858483,b0f066a214c2f5e87bad3c948f4d605d)
Start importing Assets/ProCore/ProBuilder using Guid(40b5086cd6bf13045a084f46a147b018) Importer(2089858483,b0f066a214c2f5e87bad3c948f4d605d) (ScriptedImporter) -> (artifact id: 'f141b14312c0b5379be4624f950f4c84') in 0.0100446 seconds
Number of updated asset objects reloaded before import = 0Number of asset objects unloaded after import = 1

========================================================================
Received Import Request.
  Time since last request: 0.000035 seconds.
  path: Assets/Plugins/Kubacho/vHierarchy/VHierarchyPaletteWindow.cs
  artifactKey: Guid(8ae240588f29744208e627125db9c9e4) Importer(2089858483,b0f066a214c2f5e87bad3c948f4d605d)
Start importing Assets/Plugins/Kubacho/vHierarchy/VHierarchyPaletteWindow.cs using Guid(8ae240588f29744208e627125db9c9e4) Importer(2089858483,b0f066a214c2f5e87bad3c948f4d605d) (ScriptedImporter) -> (artifact id: '18f4781ad4833eca2d56681ae19c410a') in 0.0105079 seconds
Number of updated asset objects reloaded before import = 0Number of asset objects unloaded after import = 0

========================================================================
Received Import Request.
  Time since last request: 0.000041 seconds.
  path: Assets/Plugins/Kubacho/vHierarchy/VHierarchyLightingWindow.cs
  artifactKey: Guid(25324ddc1ebdc4ee5b1d9902a8efafa7) Importer(2089858483,b0f066a214c2f5e87bad3c948f4d605d)
Start importing Assets/Plugins/Kubacho/vHierarchy/VHierarchyLightingWindow.cs using Guid(25324ddc1ebdc4ee5b1d9902a8efafa7) Importer(2089858483,b0f066a214c2f5e87bad3c948f4d605d) (ScriptedImporter) -> (artifact id: 'f953d5d17c0d4fe37b25be3b31a7901a') in 0.0087446 seconds
Number of updated asset objects reloaded before import = 0Number of asset objects unloaded after import = 0

========================================================================
Received Import Request.
  Time since last request: 0.000068 seconds.
  path: Assets/Plugins/Kubacho/vInspector/VInspectorState.cs
  artifactKey: Guid(6fcb471c750b741839863cd8a7ce5785) Importer(2089858483,b0f066a214c2f5e87bad3c948f4d605d)
Start importing Assets/Plugins/Kubacho/vInspector/VInspectorState.cs using Guid(6fcb471c750b741839863cd8a7ce5785) Importer(2089858483,b0f066a214c2f5e87bad3c948f4d605d) (ScriptedImporter) -> (artifact id: '08a06fa1b39e0aea9ef3df57c37cd30a') in 0.010034 seconds
Number of updated asset objects reloaded before import = 0Number of asset objects unloaded after import = 0

========================================================================
Received Import Request.
  Time since last request: 0.000013 seconds.
  path: Assets/Plugins/Kubacho/vTabs/VTabsGUI.cs
  artifactKey: Guid(291c4a11da18041c49b4772d9e054145) Importer(2089858483,b0f066a214c2f5e87bad3c948f4d605d)
Start importing Assets/Plugins/Kubacho/vTabs/VTabsGUI.cs using Guid(291c4a11da18041c49b4772d9e054145) Importer(2089858483,b0f066a214c2f5e87bad3c948f4d605d) (ScriptedImporter) -> (artifact id: '5141c60b550e885d1201890bc0653f36') in 0.0093966 seconds
Number of updated asset objects reloaded before import = 0Number of asset objects unloaded after import = 0

========================================================================
Received Import Request.
  Time since last request: 0.000030 seconds.
  path: Assets/Plugins/Kubacho/vHierarchy/VHierarchySceneSelectorWindow.cs
  artifactKey: Guid(d50f2aa4a50724ddbaf21dca1fd4b816) Importer(2089858483,b0f066a214c2f5e87bad3c948f4d605d)
Start importing Assets/Plugins/Kubacho/vHierarchy/VHierarchySceneSelectorWindow.cs using Guid(d50f2aa4a50724ddbaf21dca1fd4b816) Importer(2089858483,b0f066a214c2f5e87bad3c948f4d605d) (ScriptedImporter) -> (artifact id: 'b5fa907cc1621c0c833e3a4b7a9b4bec') in 0.0117103 seconds
Number of updated asset objects reloaded before import = 0Number of asset objects unloaded after import = 0

========================================================================
Received Import Request.
  Time since last request: 0.000044 seconds.
  path: Assets/Plugins/Kubacho/vFolders/VFoldersController.cs
  artifactKey: Guid(380edf2cfb553464d9f7ec73602e93d1) Importer(2089858483,b0f066a214c2f5e87bad3c948f4d605d)
Start importing Assets/Plugins/Kubacho/vFolders/VFoldersController.cs using Guid(380edf2cfb553464d9f7ec73602e93d1) Importer(2089858483,b0f066a214c2f5e87bad3c948f4d605d) (ScriptedImporter) -> (artifact id: 'ff0e4b15355bc50d187a6e28be293417') in 0.0109487 seconds
Number of updated asset objects reloaded before import = 0Number of asset objects unloaded after import = 0

========================================================================
Received Import Request.
  Time since last request: 272.349145 seconds.
  path: Assets/Shared/Scenes/TestScene.unity
  artifactKey: Guid(abb809390820c0740b09347f36b8d44a) Importer(2089858483,b0f066a214c2f5e87bad3c948f4d605d)
Start importing Assets/Shared/Scenes/TestScene.unity using Guid(abb809390820c0740b09347f36b8d44a) Importer(2089858483,b0f066a214c2f5e87bad3c948f4d605d) (ScriptedImporter) -> (artifact id: 'a18bbe453ceafe06707f4f05d03df94b') in 0.0146651 seconds
Number of updated asset objects reloaded before import = 0Number of asset objects unloaded after import = 1

========================================================================
Received Import Request.
  Time since last request: 12.584484 seconds.
  path: Assets/Shared/Scenes/LoadingScene
  artifactKey: Guid(f0db10a0ddbe3ca4aa7e2283324e1c33) Importer(2089858483,b0f066a214c2f5e87bad3c948f4d605d)
Start importing Assets/Shared/Scenes/LoadingScene using Guid(f0db10a0ddbe3ca4aa7e2283324e1c33) Importer(2089858483,b0f066a214c2f5e87bad3c948f4d605d) (ScriptedImporter) -> (artifact id: '0da9c5d7bd3dd2feb8b022026310b361') in 0.0135566 seconds
Number of updated asset objects reloaded before import = 0Number of asset objects unloaded after import = 1

========================================================================
Received Import Request.
  Time since last request: 0.000024 seconds.
  path: Assets/Shared/Scenes/LoadingScene/LightingData.asset
  artifactKey: Guid(cdc20e8250404614fa135ba82fa035c1) Importer(2089858483,b0f066a214c2f5e87bad3c948f4d605d)
Start importing Assets/Shared/Scenes/LoadingScene/LightingData.asset using Guid(cdc20e8250404614fa135ba82fa035c1) Importer(2089858483,b0f066a214c2f5e87bad3c948f4d605d) (ScriptedImporter) -> (artifact id: 'b80937fcb55397d8ef9b901af6970355') in 0.0118074 seconds
Number of updated asset objects reloaded before import = 0Number of asset objects unloaded after import = 2

========================================================================
Received Import Request.
  Time since last request: 15.052208 seconds.
  path: Assets/Shared/Scenes/MainMenuBackgroundScene.unity
  artifactKey: Guid(ac1d74a9680cd1946a806c1b225e8aae) Importer(2089858483,b0f066a214c2f5e87bad3c948f4d605d)
Start importing Assets/Shared/Scenes/MainMenuBackgroundScene.unity using Guid(ac1d74a9680cd1946a806c1b225e8aae) Importer(2089858483,b0f066a214c2f5e87bad3c948f4d605d) (ScriptedImporter) -> (artifact id: '65a50c61c346b5bde42e295c36cc021c') in 0.0097969 seconds
Number of updated asset objects reloaded before import = 0Number of asset objects unloaded after import = 1

========================================================================
Received Import Request.
  Time since last request: 29.317700 seconds.
  path: Assets/Levels/Level 1/LevelScene_1.unity
  artifactKey: Guid(dba26c2f2058c1f45b9fd18b8e826bd3) Importer(2089858483,b0f066a214c2f5e87bad3c948f4d605d)
Start importing Assets/Levels/Level 1/LevelScene_1.unity using Guid(dba26c2f2058c1f45b9fd18b8e826bd3) Importer(2089858483,b0f066a214c2f5e87bad3c948f4d605d) (ScriptedImporter) -> (artifact id: 'd06f9daa073f5a309d064c5856d12ade') in 0.016388 seconds
Number of updated asset objects reloaded before import = 0Number of asset objects unloaded after import = 1

========================================================================
Received Import Request.
  Time since last request: 12.681677 seconds.
  path: Assets/Levels/Level 2/LevelScene_2Settings.lighting
  artifactKey: Guid(71e3b86faa9b9aa43a87cd19884fcf7b) Importer(2089858483,b0f066a214c2f5e87bad3c948f4d605d)
Start importing Assets/Levels/Level 2/LevelScene_2Settings.lighting using Guid(71e3b86faa9b9aa43a87cd19884fcf7b) Importer(2089858483,b0f066a214c2f5e87bad3c948f4d605d) (ScriptedImporter)LightingSettings: switching bake backend from 2 to 1.
 -> (artifact id: '7b90df69391371607d52ce83e7d95068') in 0.0267636 seconds
Number of updated asset objects reloaded before import = 0Number of asset objects unloaded after import = 1

========================================================================
Received Import Request.
  Time since last request: 8.103754 seconds.
  path: Assets/Levels/Level 3/LevelScene_3Settings.lighting
  artifactKey: Guid(ba008d7dbf1f61a48a09130be485cd52) Importer(2089858483,b0f066a214c2f5e87bad3c948f4d605d)
Start importing Assets/Levels/Level 3/LevelScene_3Settings.lighting using Guid(ba008d7dbf1f61a48a09130be485cd52) Importer(2089858483,b0f066a214c2f5e87bad3c948f4d605d) (ScriptedImporter)LightingSettings: switching bake backend from 2 to 1.
 -> (artifact id: 'fb01048456c1285ee7b27d23a70b2c9f') in 0.0119682 seconds
Number of updated asset objects reloaded before import = 0Number of asset objects unloaded after import = 1

========================================================================
Received Import Request.
  Time since last request: 10.811916 seconds.
  path: Assets/Levels/Level 4/LevelScene_4Settings.lighting
  artifactKey: Guid(adcc2d297e7a18548a222be5281f4894) Importer(2089858483,b0f066a214c2f5e87bad3c948f4d605d)
Start importing Assets/Levels/Level 4/LevelScene_4Settings.lighting using Guid(adcc2d297e7a18548a222be5281f4894) Importer(2089858483,b0f066a214c2f5e87bad3c948f4d605d) (ScriptedImporter)LightingSettings: switching bake backend from 2 to 1.
 -> (artifact id: 'f2c8ff477c6f4ac1aefea700678fe9b4') in 0.017227 seconds
Number of updated asset objects reloaded before import = 0Number of asset objects unloaded after import = 1

========================================================================
Received Import Request.
  Time since last request: 9.591078 seconds.
  path: Assets/Levels/Level 5/LevelScene_5Settings.lighting
  artifactKey: Guid(7f7d838d3f7e7424389e86dd85c5333f) Importer(2089858483,b0f066a214c2f5e87bad3c948f4d605d)
Start importing Assets/Levels/Level 5/LevelScene_5Settings.lighting using Guid(7f7d838d3f7e7424389e86dd85c5333f) Importer(2089858483,b0f066a214c2f5e87bad3c948f4d605d) (ScriptedImporter)LightingSettings: switching bake backend from 2 to 1.
 -> (artifact id: '4b92ea036a638489cd6b433cba29606c') in 0.0150093 seconds
Number of updated asset objects reloaded before import = 0Number of asset objects unloaded after import = 1

========================================================================
Received Import Request.
  Time since last request: 8.805941 seconds.
  path: Assets/Levels/Level 6/LevelScene_6Settings.lighting
  artifactKey: Guid(0fa6a39c2d58d1f41aab3732e8d82bb3) Importer(2089858483,b0f066a214c2f5e87bad3c948f4d605d)
Start importing Assets/Levels/Level 6/LevelScene_6Settings.lighting using Guid(0fa6a39c2d58d1f41aab3732e8d82bb3) Importer(2089858483,b0f066a214c2f5e87bad3c948f4d605d) (ScriptedImporter)LightingSettings: switching bake backend from 2 to 1.
 -> (artifact id: '86e9a741baf108b545408fe03ace5616') in 0.0179914 seconds
Number of updated asset objects reloaded before import = 0Number of asset objects unloaded after import = 1

========================================================================
Received Import Request.
  Time since last request: 9.234310 seconds.
  path: Assets/Levels/Level 7/LevelScene_7Settings.lighting
  artifactKey: Guid(046280c28589bb946b72b073cac611a7) Importer(2089858483,b0f066a214c2f5e87bad3c948f4d605d)
Start importing Assets/Levels/Level 7/LevelScene_7Settings.lighting using Guid(046280c28589bb946b72b073cac611a7) Importer(2089858483,b0f066a214c2f5e87bad3c948f4d605d) (ScriptedImporter)LightingSettings: switching bake backend from 2 to 1.
 -> (artifact id: '8a2e38f76ce2a796c942c6cb117b6ef3') in 0.0146664 seconds
Number of updated asset objects reloaded before import = 0Number of asset objects unloaded after import = 1

========================================================================
Received Import Request.
  Time since last request: 9.824856 seconds.
  path: Assets/Levels/Level 8/LevelScene_8Settings.lighting
  artifactKey: Guid(61fc2fa2ce22170488877e7294e3003e) Importer(2089858483,b0f066a214c2f5e87bad3c948f4d605d)
Start importing Assets/Levels/Level 8/LevelScene_8Settings.lighting using Guid(61fc2fa2ce22170488877e7294e3003e) Importer(2089858483,b0f066a214c2f5e87bad3c948f4d605d) (ScriptedImporter)LightingSettings: switching bake backend from 2 to 1.
 -> (artifact id: 'd692e2a2049d5c22d994d41b943f329e') in 0.0140221 seconds
Number of updated asset objects reloaded before import = 0Number of asset objects unloaded after import = 1

========================================================================
Received Import Request.
  Time since last request: 8.488136 seconds.
  path: Assets/Levels/Level 9/LevelScene_9.unity
  artifactKey: Guid(53c62bdb5324f35408fdd7d8ff108327) Importer(2089858483,b0f066a214c2f5e87bad3c948f4d605d)
Start importing Assets/Levels/Level 9/LevelScene_9.unity using Guid(53c62bdb5324f35408fdd7d8ff108327) Importer(2089858483,b0f066a214c2f5e87bad3c948f4d605d) (ScriptedImporter) -> (artifact id: '1bd46a0b0567970d6f4d9e99e23414b3') in 0.2925175 seconds
Number of updated asset objects reloaded before import = 0Number of asset objects unloaded after import = 1

========================================================================
Received Import Request.
  Time since last request: 7.805749 seconds.
  path: Assets/Levels/Level 10/LevelScene_10.unity
  artifactKey: Guid(51c13ce6cbb2fc54db88a05350b21cb9) Importer(2089858483,b0f066a214c2f5e87bad3c948f4d605d)
Start importing Assets/Levels/Level 10/LevelScene_10.unity using Guid(51c13ce6cbb2fc54db88a05350b21cb9) Importer(2089858483,b0f066a214c2f5e87bad3c948f4d605d) (ScriptedImporter) -> (artifact id: 'c17deed37e73a76e8a6fddccbd176d80') in 0.0117785 seconds
Number of updated asset objects reloaded before import = 0Number of asset objects unloaded after import = 1

========================================================================
Received Import Request.
  Time since last request: 8.688300 seconds.
  path: Assets/Levels/Level 11/LevelScene_11Settings.lighting
  artifactKey: Guid(e2823fb5b1f214b4ba40591b0c935c02) Importer(2089858483,b0f066a214c2f5e87bad3c948f4d605d)
Start importing Assets/Levels/Level 11/LevelScene_11Settings.lighting using Guid(e2823fb5b1f214b4ba40591b0c935c02) Importer(2089858483,b0f066a214c2f5e87bad3c948f4d605d) (ScriptedImporter)LightingSettings: switching bake backend from 2 to 1.
 -> (artifact id: 'd4d7c0efb0a5df2fd145469ce5fd6f9f') in 0.0163488 seconds
Number of updated asset objects reloaded before import = 0Number of asset objects unloaded after import = 1

